[0.025s] Invoking command in '/home/alberto/ros2_ws/build/articubot_one': CMAKE_PREFIX_PATH=${CMAKE_PREFIX_PATH}:/home/alberto/ros2_ws/install/my_robot_controller:/home/alberto/learning_ws/install/my_fist_pkg:/opt/ros/foxy /usr/bin/cmake /home/alberto/ros2_ws/src/rona_robot -DCMAKE_INSTALL_PREFIX=/home/alberto/ros2_ws/install/articubot_one
[0.072s] -- The C compiler identification is GNU 9.4.0
[0.119s] -- The CXX compiler identification is GNU 9.4.0
[0.123s] -- Check for working C compiler: /usr/bin/cc
[0.183s] -- Check for working C compiler: /usr/bin/cc -- works
[0.184s] -- Detecting C compiler ABI info
[0.243s] -- Detecting C compiler ABI info - done
[0.253s] -- Detecting C compile features
[0.253s] -- Detecting C compile features - done
[0.255s] -- Check for working CXX compiler: /usr/bin/c++
[0.323s] -- Check for working CXX compiler: /usr/bin/c++ -- works
[0.324s] -- Detecting CXX compiler ABI info
[0.392s] -- Detecting CXX compiler ABI info - done
[0.402s] -- Detecting CXX compile features
[0.402s] -- Detecting CXX compile features - done
[0.404s] -- Found ament_cmake: 0.9.12 (/opt/ros/foxy/share/ament_cmake/cmake)
[0.426s] -- Found PythonInterp: /usr/bin/python3 (found suitable version "3.8.10", minimum required is "3") 
[0.426s] -- Using PYTHON_EXECUTABLE: /usr/bin/python3
[0.626s] -- Found ament_lint_auto: 0.9.8 (/opt/ros/foxy/share/ament_lint_auto/cmake)
[0.693s] -- Added test 'copyright' to check source files copyright and LICENSE
[0.696s] -- Added test 'flake8' to check Python code syntax and style conventions
[0.697s] -- Added test 'lint_cmake' to check CMake code style
[0.697s] -- Added test 'pep257' to check Python code against some of the style conventions in PEP 257
[0.699s] -- Added test 'xmllint' to check XML markup files
[0.701s] -- Configuring done
[0.703s] -- Generating done
[0.704s] -- Build files have been written to: /home/alberto/ros2_ws/build/articubot_one
[0.707s] Invoked command in '/home/alberto/ros2_ws/build/articubot_one' returned '0': CMAKE_PREFIX_PATH=${CMAKE_PREFIX_PATH}:/home/alberto/ros2_ws/install/my_robot_controller:/home/alberto/learning_ws/install/my_fist_pkg:/opt/ros/foxy /usr/bin/cmake /home/alberto/ros2_ws/src/rona_robot -DCMAKE_INSTALL_PREFIX=/home/alberto/ros2_ws/install/articubot_one
[0.710s] Invoking command in '/home/alberto/ros2_ws/build/articubot_one': CMAKE_PREFIX_PATH=${CMAKE_PREFIX_PATH}:/home/alberto/ros2_ws/install/my_robot_controller:/home/alberto/learning_ws/install/my_fist_pkg:/opt/ros/foxy /usr/bin/cmake --build /home/alberto/ros2_ws/build/articubot_one -- -j8 -l8
[0.745s] Invoked command in '/home/alberto/ros2_ws/build/articubot_one' returned '0': CMAKE_PREFIX_PATH=${CMAKE_PREFIX_PATH}:/home/alberto/ros2_ws/install/my_robot_controller:/home/alberto/learning_ws/install/my_fist_pkg:/opt/ros/foxy /usr/bin/cmake --build /home/alberto/ros2_ws/build/articubot_one -- -j8 -l8
[0.774s] Invoking command in '/home/alberto/ros2_ws/build/articubot_one': CMAKE_PREFIX_PATH=${CMAKE_PREFIX_PATH}:/home/alberto/ros2_ws/install/my_robot_controller:/home/alberto/learning_ws/install/my_fist_pkg:/opt/ros/foxy /usr/bin/cmake --install /home/alberto/ros2_ws/build/articubot_one
[0.783s] -- Install configuration: ""
[0.783s] -- Installing: /home/alberto/ros2_ws/install/articubot_one/share/articubot_one/config
[0.783s] -- Installing: /home/alberto/ros2_ws/install/articubot_one/share/articubot_one/config/empty.yaml
[0.783s] -- Installing: /home/alberto/ros2_ws/install/articubot_one/share/articubot_one/config/ball_tracker_params_robot.yaml
[0.783s] -- Installing: /home/alberto/ros2_ws/install/articubot_one/share/articubot_one/config/ball_tracker_params_sim.yaml
[0.783s] -- Installing: /home/alberto/ros2_ws/install/articubot_one/share/articubot_one/config/nav2_params.yaml
[0.783s] -- Installing: /home/alberto/ros2_ws/install/articubot_one/share/articubot_one/config/view_bot.rviz
[0.783s] -- Installing: /home/alberto/ros2_ws/install/articubot_one/share/articubot_one/config/map.rviz
[0.783s] -- Installing: /home/alberto/ros2_ws/install/articubot_one/share/articubot_one/config/gazebo_params.yaml
[0.783s] -- Installing: /home/alberto/ros2_ws/install/articubot_one/share/articubot_one/config/main.rviz
[0.783s] -- Installing: /home/alberto/ros2_ws/install/articubot_one/share/articubot_one/config/mapper_params_online_async.yaml
[0.784s] -- Installing: /home/alberto/ros2_ws/install/articubot_one/share/articubot_one/config/twist_mux.yaml
[0.784s] -- Installing: /home/alberto/ros2_ws/install/articubot_one/share/articubot_one/config/my_controllers.yaml
[0.784s] -- Installing: /home/alberto/ros2_ws/install/articubot_one/share/articubot_one/config/drive_bot.rviz
[0.784s] -- Installing: /home/alberto/ros2_ws/install/articubot_one/share/articubot_one/config/gaz_ros2_ctl_use_sim.yaml
[0.784s] -- Installing: /home/alberto/ros2_ws/install/articubot_one/share/articubot_one/config/joystick.yaml
[0.784s] -- Installing: /home/alberto/ros2_ws/install/articubot_one/share/articubot_one/description
[0.784s] -- Installing: /home/alberto/ros2_ws/install/articubot_one/share/articubot_one/description/robot.urdf.xacro
[0.784s] -- Installing: /home/alberto/ros2_ws/install/articubot_one/share/articubot_one/description/robot_core.xacro
[0.784s] -- Installing: /home/alberto/ros2_ws/install/articubot_one/share/articubot_one/description/lidar.xacro
[0.784s] -- Installing: /home/alberto/ros2_ws/install/articubot_one/share/articubot_one/description/ros2_control.xacro
[0.784s] -- Installing: /home/alberto/ros2_ws/install/articubot_one/share/articubot_one/description/gazebo_control.xacro
[0.784s] -- Installing: /home/alberto/ros2_ws/install/articubot_one/share/articubot_one/description/camera.xacro
[0.784s] -- Installing: /home/alberto/ros2_ws/install/articubot_one/share/articubot_one/description/depth_camera.xacro
[0.784s] -- Installing: /home/alberto/ros2_ws/install/articubot_one/share/articubot_one/description/face.xacro
[0.784s] -- Installing: /home/alberto/ros2_ws/install/articubot_one/share/articubot_one/description/inertial_macros.xacro
[0.784s] -- Installing: /home/alberto/ros2_ws/install/articubot_one/share/articubot_one/launch
[0.785s] -- Installing: /home/alberto/ros2_ws/install/articubot_one/share/articubot_one/launch/joystick.launch.py
[0.785s] -- Installing: /home/alberto/ros2_ws/install/articubot_one/share/articubot_one/launch/rsp.launch.py
[0.785s] -- Installing: /home/alberto/ros2_ws/install/articubot_one/share/articubot_one/launch/navigation_launch.py
[0.785s] -- Installing: /home/alberto/ros2_ws/install/articubot_one/share/articubot_one/launch/ball_tracker.launch.py
[0.785s] -- Installing: /home/alberto/ros2_ws/install/articubot_one/share/articubot_one/launch/localization_launch.py
[0.785s] -- Installing: /home/alberto/ros2_ws/install/articubot_one/share/articubot_one/launch/online_async_launch.py
[0.785s] -- Installing: /home/alberto/ros2_ws/install/articubot_one/share/articubot_one/launch/launch_sim.launch.py
[0.785s] -- Installing: /home/alberto/ros2_ws/install/articubot_one/share/articubot_one/launch/rplidar.launch.py
[0.785s] -- Installing: /home/alberto/ros2_ws/install/articubot_one/share/articubot_one/launch/camera.launch.py
[0.785s] -- Installing: /home/alberto/ros2_ws/install/articubot_one/share/articubot_one/launch/launch_robot.launch.py
[0.785s] -- Installing: /home/alberto/ros2_ws/install/articubot_one/share/articubot_one/worlds
[0.785s] -- Installing: /home/alberto/ros2_ws/install/articubot_one/share/articubot_one/worlds/obstacles.world
[0.785s] -- Installing: /home/alberto/ros2_ws/install/articubot_one/share/articubot_one/worlds/empty.world
[0.785s] -- Installing: /home/alberto/ros2_ws/install/articubot_one/share/ament_index/resource_index/package_run_dependencies/articubot_one
[0.786s] -- Installing: /home/alberto/ros2_ws/install/articubot_one/share/ament_index/resource_index/parent_prefix_path/articubot_one
[0.786s] -- Installing: /home/alberto/ros2_ws/install/articubot_one/share/articubot_one/environment/ament_prefix_path.sh
[0.786s] -- Installing: /home/alberto/ros2_ws/install/articubot_one/share/articubot_one/environment/ament_prefix_path.dsv
[0.786s] -- Installing: /home/alberto/ros2_ws/install/articubot_one/share/articubot_one/environment/path.sh
[0.786s] -- Installing: /home/alberto/ros2_ws/install/articubot_one/share/articubot_one/environment/path.dsv
[0.786s] -- Installing: /home/alberto/ros2_ws/install/articubot_one/share/articubot_one/local_setup.bash
[0.787s] -- Installing: /home/alberto/ros2_ws/install/articubot_one/share/articubot_one/local_setup.sh
[0.787s] -- Installing: /home/alberto/ros2_ws/install/articubot_one/share/articubot_one/local_setup.zsh
[0.787s] -- Installing: /home/alberto/ros2_ws/install/articubot_one/share/articubot_one/local_setup.dsv
[0.787s] -- Installing: /home/alberto/ros2_ws/install/articubot_one/share/articubot_one/package.dsv
[0.787s] -- Installing: /home/alberto/ros2_ws/install/articubot_one/share/ament_index/resource_index/packages/articubot_one
[0.787s] -- Installing: /home/alberto/ros2_ws/install/articubot_one/share/articubot_one/cmake/articubot_oneConfig.cmake
[0.787s] -- Installing: /home/alberto/ros2_ws/install/articubot_one/share/articubot_one/cmake/articubot_oneConfig-version.cmake
[0.787s] -- Installing: /home/alberto/ros2_ws/install/articubot_one/share/articubot_one/package.xml
[0.790s] Invoked command in '/home/alberto/ros2_ws/build/articubot_one' returned '0': CMAKE_PREFIX_PATH=${CMAKE_PREFIX_PATH}:/home/alberto/ros2_ws/install/my_robot_controller:/home/alberto/learning_ws/install/my_fist_pkg:/opt/ros/foxy /usr/bin/cmake --install /home/alberto/ros2_ws/build/articubot_one
