[0.673s] Invoking command in '/home/alberto/ros2_ws/build/my_robot_controller': PYTHONPATH=/home/alberto/ros2_ws/build/my_robot_controller/prefix_override:/home/alberto/ros2_ws/install/my_robot_controller/lib/python3.8/site-packages:${PYTHONPATH} /usr/bin/python3 setup.py develop --uninstall --editable --build-directory /home/alberto/ros2_ws/build/my_robot_controller/build
[0.909s] running develop
[1.075s] Invoked command in '/home/alberto/ros2_ws/build/my_robot_controller' returned '0': PYTHONPATH=/home/alberto/ros2_ws/build/my_robot_controller/prefix_override:/home/alberto/ros2_ws/install/my_robot_controller/lib/python3.8/site-packages:${PYTHONPATH} /usr/bin/python3 setup.py develop --uninstall --editable --build-directory /home/alberto/ros2_ws/build/my_robot_controller/build
[1.078s] Invoking command in '/home/alberto/ros2_ws/src/my_robot_controller': PYTHONPATH=/home/alberto/ros2_ws/build/my_robot_controller/prefix_override:/home/alberto/ros2_ws/install/my_robot_controller/lib/python3.8/site-packages:${PYTHONPATH} /usr/bin/python3 setup.py egg_info --egg-base ../../build/my_robot_controller build --build-base /home/alberto/ros2_ws/build/my_robot_controller/build install --record /home/alberto/ros2_ws/build/my_robot_controller/install.log --install-scripts $base/lib/my_robot_controller --single-version-externally-managed
[1.294s] running egg_info
[1.295s] writing ../../build/my_robot_controller/my_robot_controller.egg-info/PKG-INFO
[1.295s] writing dependency_links to ../../build/my_robot_controller/my_robot_controller.egg-info/dependency_links.txt
[1.295s] writing entry points to ../../build/my_robot_controller/my_robot_controller.egg-info/entry_points.txt
[1.295s] writing requirements to ../../build/my_robot_controller/my_robot_controller.egg-info/requires.txt
[1.295s] writing top-level names to ../../build/my_robot_controller/my_robot_controller.egg-info/top_level.txt
[1.323s] reading manifest file '../../build/my_robot_controller/my_robot_controller.egg-info/SOURCES.txt'
[1.323s] writing manifest file '../../build/my_robot_controller/my_robot_controller.egg-info/SOURCES.txt'
[1.324s] running build
[1.324s] running build_py
[1.324s] running install
[1.325s] running install_lib
[1.326s] running install_data
[1.326s] running install_egg_info
[1.328s] removing '/home/alberto/ros2_ws/install/my_robot_controller/lib/python3.8/site-packages/my_robot_controller-0.0.0-py3.8.egg-info' (and everything under it)
[1.329s] Copying ../../build/my_robot_controller/my_robot_controller.egg-info to /home/alberto/ros2_ws/install/my_robot_controller/lib/python3.8/site-packages/my_robot_controller-0.0.0-py3.8.egg-info
[1.329s] running install_scripts
[1.343s] Installing draw_circle script to /home/alberto/ros2_ws/install/my_robot_controller/lib/my_robot_controller
[1.343s] Installing pose_subscriber script to /home/alberto/ros2_ws/install/my_robot_controller/lib/my_robot_controller
[1.344s] Installing test_node script to /home/alberto/ros2_ws/install/my_robot_controller/lib/my_robot_controller
[1.344s] Installing turtle_controller script to /home/alberto/ros2_ws/install/my_robot_controller/lib/my_robot_controller
[1.344s] writing list of installed files to '/home/alberto/ros2_ws/build/my_robot_controller/install.log'
[1.365s] Invoked command in '/home/alberto/ros2_ws/src/my_robot_controller' returned '0': PYTHONPATH=/home/alberto/ros2_ws/build/my_robot_controller/prefix_override:/home/alberto/ros2_ws/install/my_robot_controller/lib/python3.8/site-packages:${PYTHONPATH} /usr/bin/python3 setup.py egg_info --egg-base ../../build/my_robot_controller build --build-base /home/alberto/ros2_ws/build/my_robot_controller/build install --record /home/alberto/ros2_ws/build/my_robot_controller/install.log --install-scripts $base/lib/my_robot_controller --single-version-externally-managed
