I heard: 
 Inner temperature: 1.000000
 Temperature: 2.000000
 Pressure: 0.500000
 Temp_Pressure: 0.000000
 Distance: Distancia
 Confidence: Confiante


I heard: 
 Inner temperature: 2.000000
 Temperature: 3.000000
 Pressure: 1.500000
 Temp_Pressure: 3.000000
 Distance: Distancia
 Confidence: Confiante


I heard: 
 Inner temperature: 3.000000
 Temperature: 4.000000
 Pressure: 2.500000
 Temp_Pressure: 6.000000
 Distance: Distancia
 Confidence: Confiante


I heard: 
 Inner temperature: 4.000000
 Temperature: 5.000000
 Pressure: 3.500000
 Temp_Pressure: 9.000000
 Distance: Distancia
 Confidence: Confiante


I heard: 
 Inner temperature: 5.000000
 Temperature: 6.000000
 Pressure: 4.500000
 Temp_Pressure: 12.000000
 Distance: Distancia
 Confidence: Confiante


I heard: 
 Inner temperature: 6.000000
 Temperature: 7.000000
 Pressure: 5.500000
 Temp_Pressure: 15.000000
 Distance: Distancia
 Confidence: Confiante


I heard: 
 Inner temperature: 7.000000
 Temperature: 8.000000
 Pressure: 6.500000
 Temp_Pressure: 18.000000
 Distance: Distancia
 Confidence: Confiante


I heard: 
 Inner temperature: 8.000000
 Temperature: 9.000000
 Pressure: 7.500000
 Temp_Pressure: 21.000000
 Distance: Distancia
 Confidence: Confiante


I heard: 
 Inner temperature: 9.000000
 Temperature: 10.000000
 Pressure: 8.500000
 Temp_Pressure: 24.000000
 Distance: Distancia
 Confidence: Confiante


I heard: 
 Inner temperature: 10.000000
 Temperature: 11.000000
 Pressure: 9.500000
 Temp_Pressure: 27.000000
 Distance: Distancia
 Confidence: Confiante


