[0.281s] DEBUG:colcon:Command line arguments: ['/usr/bin/colcon', 'build', '--symlink-install']
[0.281s] DEBUG:colcon:Parsed command line arguments: Namespace(allow_overriding=[], ament_cmake_args=None, base_paths=['.'], build_base='build', catkin_cmake_args=None, catkin_skip_building_tests=False, cmake_args=None, cmake_clean_cache=False, cmake_clean_first=False, cmake_force_configure=False, cmake_target=None, cmake_target_skip_unavailable=False, continue_on_error=False, event_handlers=None, executor='parallel', ignore_user_meta=False, install_base='install', log_base=None, log_level=None, main=<bound method BuildVerb.main of <colcon_core.verb.build.BuildVerb object at 0x7f4d91800fd0>>, merge_install=False, metas=['./colcon.meta'], packages_above=None, packages_above_and_dependencies=None, packages_above_depth=None, packages_end=None, packages_ignore=None, packages_ignore_regex=None, packages_select=None, packages_select_build_failed=False, packages_select_by_dep=None, packages_select_regex=None, packages_select_test_failures=False, packages_skip=None, packages_skip_build_finished=False, packages_skip_by_dep=None, packages_skip_regex=None, packages_skip_test_passed=False, packages_skip_up_to=None, packages_start=None, packages_up_to=None, packages_up_to_regex=None, parallel_workers=8, paths=None, symlink_install=True, test_result_base=None, verb_extension=<colcon_core.verb.build.BuildVerb object at 0x7f4d91800fd0>, verb_name='build', verb_parser=<colcon_defaults.argument_parser.defaults.DefaultArgumentsDecorator object at 0x7f4d9180b490>)
[0.310s] Level 1:colcon.colcon_core.package_discovery:discover_packages(colcon_meta) check parameters
[0.310s] Level 1:colcon.colcon_core.package_discovery:discover_packages(recursive) check parameters
[0.310s] Level 1:colcon.colcon_core.package_discovery:discover_packages(ignore) check parameters
[0.310s] Level 1:colcon.colcon_core.package_discovery:discover_packages(path) check parameters
[0.310s] Level 1:colcon.colcon_core.package_discovery:discover_packages(colcon_meta) discover
[0.310s] Level 1:colcon.colcon_core.package_discovery:discover_packages(recursive) discover
[0.310s] INFO:colcon.colcon_core.package_discovery:Crawling recursively for packages in '/home/alberto/ros2_ws'
[0.310s] Level 1:colcon.colcon_core.package_identification:_identify(.) by extensions ['ignore', 'ignore_ament_install']
[0.310s] Level 1:colcon.colcon_core.package_identification:_identify(.) by extension 'ignore'
[0.310s] Level 1:colcon.colcon_core.package_identification:_identify(.) by extension 'ignore_ament_install'
[0.310s] Level 1:colcon.colcon_core.package_identification:_identify(.) by extensions ['colcon_pkg']
[0.310s] Level 1:colcon.colcon_core.package_identification:_identify(.) by extension 'colcon_pkg'
[0.310s] Level 1:colcon.colcon_core.package_identification:_identify(.) by extensions ['colcon_meta']
[0.310s] Level 1:colcon.colcon_core.package_identification:_identify(.) by extension 'colcon_meta'
[0.310s] Level 1:colcon.colcon_core.package_identification:_identify(.) by extensions ['ros']
[0.310s] Level 1:colcon.colcon_core.package_identification:_identify(.) by extension 'ros'
[0.319s] Level 1:colcon.colcon_core.package_identification:_identify(.) by extensions ['cmake', 'python']
[0.319s] Level 1:colcon.colcon_core.package_identification:_identify(.) by extension 'cmake'
[0.319s] Level 1:colcon.colcon_core.package_identification:_identify(.) by extension 'python'
[0.319s] Level 1:colcon.colcon_core.package_identification:_identify(.) by extensions ['python_setup_py']
[0.319s] Level 1:colcon.colcon_core.package_identification:_identify(.) by extension 'python_setup_py'
[0.319s] Level 1:colcon.colcon_core.package_identification:_identify(build) by extensions ['ignore', 'ignore_ament_install']
[0.319s] Level 1:colcon.colcon_core.package_identification:_identify(build) by extension 'ignore'
[0.319s] Level 1:colcon.colcon_core.package_identification:_identify(build) ignored
[0.319s] Level 1:colcon.colcon_core.package_identification:_identify(install) by extensions ['ignore', 'ignore_ament_install']
[0.319s] Level 1:colcon.colcon_core.package_identification:_identify(install) by extension 'ignore'
[0.319s] Level 1:colcon.colcon_core.package_identification:_identify(install) ignored
[0.320s] Level 1:colcon.colcon_core.package_identification:_identify(log) by extensions ['ignore', 'ignore_ament_install']
[0.320s] Level 1:colcon.colcon_core.package_identification:_identify(log) by extension 'ignore'
[0.320s] Level 1:colcon.colcon_core.package_identification:_identify(log) ignored
[0.320s] Level 1:colcon.colcon_core.package_identification:_identify(src) by extensions ['ignore', 'ignore_ament_install']
[0.320s] Level 1:colcon.colcon_core.package_identification:_identify(src) by extension 'ignore'
[0.320s] Level 1:colcon.colcon_core.package_identification:_identify(src) by extension 'ignore_ament_install'
[0.320s] Level 1:colcon.colcon_core.package_identification:_identify(src) by extensions ['colcon_pkg']
[0.320s] Level 1:colcon.colcon_core.package_identification:_identify(src) by extension 'colcon_pkg'
[0.320s] Level 1:colcon.colcon_core.package_identification:_identify(src) by extensions ['colcon_meta']
[0.320s] Level 1:colcon.colcon_core.package_identification:_identify(src) by extension 'colcon_meta'
[0.320s] Level 1:colcon.colcon_core.package_identification:_identify(src) by extensions ['ros']
[0.320s] Level 1:colcon.colcon_core.package_identification:_identify(src) by extension 'ros'
[0.320s] Level 1:colcon.colcon_core.package_identification:_identify(src) by extensions ['cmake', 'python']
[0.320s] Level 1:colcon.colcon_core.package_identification:_identify(src) by extension 'cmake'
[0.320s] Level 1:colcon.colcon_core.package_identification:_identify(src) by extension 'python'
[0.320s] Level 1:colcon.colcon_core.package_identification:_identify(src) by extensions ['python_setup_py']
[0.320s] Level 1:colcon.colcon_core.package_identification:_identify(src) by extension 'python_setup_py'
[0.320s] Level 1:colcon.colcon_core.package_identification:_identify(src/my_robot_controller) by extensions ['ignore', 'ignore_ament_install']
[0.320s] Level 1:colcon.colcon_core.package_identification:_identify(src/my_robot_controller) by extension 'ignore'
[0.320s] Level 1:colcon.colcon_core.package_identification:_identify(src/my_robot_controller) by extension 'ignore_ament_install'
[0.320s] Level 1:colcon.colcon_core.package_identification:_identify(src/my_robot_controller) by extensions ['colcon_pkg']
[0.320s] Level 1:colcon.colcon_core.package_identification:_identify(src/my_robot_controller) by extension 'colcon_pkg'
[0.321s] Level 1:colcon.colcon_core.package_identification:_identify(src/my_robot_controller) by extensions ['colcon_meta']
[0.321s] Level 1:colcon.colcon_core.package_identification:_identify(src/my_robot_controller) by extension 'colcon_meta'
[0.321s] Level 1:colcon.colcon_core.package_identification:_identify(src/my_robot_controller) by extensions ['ros']
[0.321s] Level 1:colcon.colcon_core.package_identification:_identify(src/my_robot_controller) by extension 'ros'
[0.323s] DEBUG:colcon.colcon_core.package_identification:Package 'src/my_robot_controller' with type 'ros.ament_python' and name 'my_robot_controller'
[0.323s] Level 1:colcon.colcon_core.package_identification:_identify(src/rona_robot) by extensions ['ignore', 'ignore_ament_install']
[0.323s] Level 1:colcon.colcon_core.package_identification:_identify(src/rona_robot) by extension 'ignore'
[0.323s] Level 1:colcon.colcon_core.package_identification:_identify(src/rona_robot) by extension 'ignore_ament_install'
[0.323s] Level 1:colcon.colcon_core.package_identification:_identify(src/rona_robot) by extensions ['colcon_pkg']
[0.323s] Level 1:colcon.colcon_core.package_identification:_identify(src/rona_robot) by extension 'colcon_pkg'
[0.323s] Level 1:colcon.colcon_core.package_identification:_identify(src/rona_robot) by extensions ['colcon_meta']
[0.323s] Level 1:colcon.colcon_core.package_identification:_identify(src/rona_robot) by extension 'colcon_meta'
[0.323s] Level 1:colcon.colcon_core.package_identification:_identify(src/rona_robot) by extensions ['ros']
[0.323s] Level 1:colcon.colcon_core.package_identification:_identify(src/rona_robot) by extension 'ros'
[0.324s] DEBUG:colcon.colcon_core.package_identification:Package 'src/rona_robot' with type 'ros.ament_cmake' and name 'rona_robot'
[0.324s] Level 1:colcon.colcon_core.package_discovery:discover_packages(recursive) using defaults
[0.324s] Level 1:colcon.colcon_core.package_discovery:discover_packages(ignore) discover
[0.324s] Level 1:colcon.colcon_core.package_discovery:discover_packages(ignore) using defaults
[0.324s] Level 1:colcon.colcon_core.package_discovery:discover_packages(path) discover
[0.324s] Level 1:colcon.colcon_core.package_discovery:discover_packages(path) using defaults
[0.340s] Level 1:colcon.colcon_core.package_discovery:discover_packages(prefix_path) check parameters
[0.340s] Level 1:colcon.colcon_core.package_discovery:discover_packages(prefix_path) discover
[0.342s] WARNING:colcon.colcon_ros.prefix_path.ament:The path '/home/alberto/ros2_ws/install/articubot_one' in the environment variable AMENT_PREFIX_PATH doesn't exist
[0.342s] WARNING:colcon.colcon_ros.prefix_path.catkin:The path '/home/alberto/ros2_ws/install/articubot_one' in the environment variable CMAKE_PREFIX_PATH doesn't exist
[0.343s] DEBUG:colcon.colcon_installed_package_information.package_discovery:Found 1 installed packages in /home/alberto/learning_ws/install
[0.343s] DEBUG:colcon.colcon_installed_package_information.package_discovery:Found 2 installed packages in /home/alberto/ros2_ws/install
[0.345s] DEBUG:colcon.colcon_installed_package_information.package_discovery:Found 314 installed packages in /opt/ros/foxy
[0.346s] Level 1:colcon.colcon_core.package_discovery:discover_packages(prefix_path) using defaults
[0.408s] Level 5:colcon.colcon_core.verb:set package 'my_robot_controller' build argument 'cmake_args' from command line to 'None'
[0.408s] Level 5:colcon.colcon_core.verb:set package 'my_robot_controller' build argument 'cmake_target' from command line to 'None'
[0.408s] Level 5:colcon.colcon_core.verb:set package 'my_robot_controller' build argument 'cmake_target_skip_unavailable' from command line to 'False'
[0.408s] Level 5:colcon.colcon_core.verb:set package 'my_robot_controller' build argument 'cmake_clean_cache' from command line to 'False'
[0.408s] Level 5:colcon.colcon_core.verb:set package 'my_robot_controller' build argument 'cmake_clean_first' from command line to 'False'
[0.408s] Level 5:colcon.colcon_core.verb:set package 'my_robot_controller' build argument 'cmake_force_configure' from command line to 'False'
[0.408s] Level 5:colcon.colcon_core.verb:set package 'my_robot_controller' build argument 'ament_cmake_args' from command line to 'None'
[0.408s] Level 5:colcon.colcon_core.verb:set package 'my_robot_controller' build argument 'catkin_cmake_args' from command line to 'None'
[0.408s] Level 5:colcon.colcon_core.verb:set package 'my_robot_controller' build argument 'catkin_skip_building_tests' from command line to 'False'
[0.408s] DEBUG:colcon.colcon_core.verb:Building package 'my_robot_controller' with the following arguments: {'ament_cmake_args': None, 'build_base': '/home/alberto/ros2_ws/build/my_robot_controller', 'catkin_cmake_args': None, 'catkin_skip_building_tests': False, 'cmake_args': None, 'cmake_clean_cache': False, 'cmake_clean_first': False, 'cmake_force_configure': False, 'cmake_target': None, 'cmake_target_skip_unavailable': False, 'install_base': '/home/alberto/ros2_ws/install/my_robot_controller', 'merge_install': False, 'path': '/home/alberto/ros2_ws/src/my_robot_controller', 'symlink_install': True, 'test_result_base': None}
[0.409s] Level 5:colcon.colcon_core.verb:set package 'rona_robot' build argument 'cmake_args' from command line to 'None'
[0.409s] Level 5:colcon.colcon_core.verb:set package 'rona_robot' build argument 'cmake_target' from command line to 'None'
[0.409s] Level 5:colcon.colcon_core.verb:set package 'rona_robot' build argument 'cmake_target_skip_unavailable' from command line to 'False'
[0.409s] Level 5:colcon.colcon_core.verb:set package 'rona_robot' build argument 'cmake_clean_cache' from command line to 'False'
[0.409s] Level 5:colcon.colcon_core.verb:set package 'rona_robot' build argument 'cmake_clean_first' from command line to 'False'
[0.409s] Level 5:colcon.colcon_core.verb:set package 'rona_robot' build argument 'cmake_force_configure' from command line to 'False'
[0.409s] Level 5:colcon.colcon_core.verb:set package 'rona_robot' build argument 'ament_cmake_args' from command line to 'None'
[0.409s] Level 5:colcon.colcon_core.verb:set package 'rona_robot' build argument 'catkin_cmake_args' from command line to 'None'
[0.409s] Level 5:colcon.colcon_core.verb:set package 'rona_robot' build argument 'catkin_skip_building_tests' from command line to 'False'
[0.409s] DEBUG:colcon.colcon_core.verb:Building package 'rona_robot' with the following arguments: {'ament_cmake_args': None, 'build_base': '/home/alberto/ros2_ws/build/rona_robot', 'catkin_cmake_args': None, 'catkin_skip_building_tests': False, 'cmake_args': None, 'cmake_clean_cache': False, 'cmake_clean_first': False, 'cmake_force_configure': False, 'cmake_target': None, 'cmake_target_skip_unavailable': False, 'install_base': '/home/alberto/ros2_ws/install/rona_robot', 'merge_install': False, 'path': '/home/alberto/ros2_ws/src/rona_robot', 'symlink_install': True, 'test_result_base': None}
[0.409s] INFO:colcon.colcon_core.executor:Executing jobs using 'parallel' executor
[0.412s] DEBUG:colcon.colcon_parallel_executor.executor.parallel:run_until_complete
[0.412s] INFO:colcon.colcon_ros.task.ament_python.build:Building ROS package in '/home/alberto/ros2_ws/src/my_robot_controller' with build type 'ament_python'
[0.413s] Level 1:colcon.colcon_core.shell:create_environment_hook('my_robot_controller', 'ament_prefix_path')
[0.416s] INFO:colcon.colcon_core.plugin_system:Skipping extension 'colcon_core.shell.bat': Not used on non-Windows systems
[0.416s] INFO:colcon.colcon_core.shell:Creating environment hook '/home/alberto/ros2_ws/install/my_robot_controller/share/my_robot_controller/hook/ament_prefix_path.ps1'
[0.417s] INFO:colcon.colcon_core.shell:Creating environment descriptor '/home/alberto/ros2_ws/install/my_robot_controller/share/my_robot_controller/hook/ament_prefix_path.dsv'
[0.417s] INFO:colcon.colcon_core.shell:Creating environment hook '/home/alberto/ros2_ws/install/my_robot_controller/share/my_robot_controller/hook/ament_prefix_path.sh'
[0.418s] INFO:colcon.colcon_core.shell:Skip shell extension 'powershell' for command environment: Not usable outside of PowerShell
[0.419s] DEBUG:colcon.colcon_core.shell:Skip shell extension 'dsv' for command environment
[0.425s] INFO:colcon.colcon_ros.task.ament_cmake.build:Building ROS package in '/home/alberto/ros2_ws/src/rona_robot' with build type 'ament_cmake'
[0.425s] INFO:colcon.colcon_cmake.task.cmake.build:Building CMake package in '/home/alberto/ros2_ws/src/rona_robot'
[0.426s] INFO:colcon.colcon_core.shell:Skip shell extension 'powershell' for command environment: Not usable outside of PowerShell
[0.426s] DEBUG:colcon.colcon_core.shell:Skip shell extension 'dsv' for command environment
[0.652s] INFO:colcon.colcon_core.task.python.build:Building Python package in '/home/alberto/ros2_ws/src/my_robot_controller'
[0.654s] INFO:colcon.colcon_core.shell:Skip shell extension 'powershell' for command environment: Not usable outside of PowerShell
[0.654s] DEBUG:colcon.colcon_core.shell:Skip shell extension 'dsv' for command environment
[0.664s] DEBUG:colcon.colcon_core.event_handler.log_command:Invoking command in '/home/alberto/ros2_ws/build/rona_robot': CMAKE_PREFIX_PATH=${CMAKE_PREFIX_PATH}:/home/alberto/ros2_ws/install/my_robot_controller:/home/alberto/learning_ws/install/my_fist_pkg:/opt/ros/foxy /usr/bin/cmake /home/alberto/ros2_ws/src/rona_robot -DAMENT_CMAKE_SYMLINK_INSTALL=1 -DCMAKE_INSTALL_PREFIX=/home/alberto/ros2_ws/install/rona_robot
[0.951s] DEBUG:colcon.colcon_core.event_handler.log_command:Invoked command in '/home/alberto/ros2_ws/build/rona_robot' returned '0': CMAKE_PREFIX_PATH=${CMAKE_PREFIX_PATH}:/home/alberto/ros2_ws/install/my_robot_controller:/home/alberto/learning_ws/install/my_fist_pkg:/opt/ros/foxy /usr/bin/cmake /home/alberto/ros2_ws/src/rona_robot -DAMENT_CMAKE_SYMLINK_INSTALL=1 -DCMAKE_INSTALL_PREFIX=/home/alberto/ros2_ws/install/rona_robot
[0.952s] DEBUG:colcon.colcon_core.event_handler.log_command:Invoking command in '/home/alberto/ros2_ws/build/rona_robot': CMAKE_PREFIX_PATH=${CMAKE_PREFIX_PATH}:/home/alberto/ros2_ws/install/my_robot_controller:/home/alberto/learning_ws/install/my_fist_pkg:/opt/ros/foxy /usr/bin/cmake --build /home/alberto/ros2_ws/build/rona_robot -- -j8 -l8
[0.985s] DEBUG:colcon.colcon_core.event_handler.log_command:Invoked command in '/home/alberto/ros2_ws/build/rona_robot' returned '0': CMAKE_PREFIX_PATH=${CMAKE_PREFIX_PATH}:/home/alberto/ros2_ws/install/my_robot_controller:/home/alberto/learning_ws/install/my_fist_pkg:/opt/ros/foxy /usr/bin/cmake --build /home/alberto/ros2_ws/build/rona_robot -- -j8 -l8
[1.014s] DEBUG:colcon.colcon_core.event_handler.log_command:Invoking command in '/home/alberto/ros2_ws/build/rona_robot': CMAKE_PREFIX_PATH=${CMAKE_PREFIX_PATH}:/home/alberto/ros2_ws/install/my_robot_controller:/home/alberto/learning_ws/install/my_fist_pkg:/opt/ros/foxy /usr/bin/cmake --install /home/alberto/ros2_ws/build/rona_robot
[1.048s] DEBUG:colcon.colcon_core.task.python.build:While undoing a previous installation files outside the Python library path are being ignored: /home/alberto/ros2_ws/install/my_robot_controller/share/ament_index/resource_index/packages/my_robot_controller
[1.048s] DEBUG:colcon.colcon_core.task.python.build:While undoing a previous installation files outside the Python library path are being ignored: /home/alberto/ros2_ws/install/my_robot_controller/share/my_robot_controller/package.xml
[1.049s] DEBUG:colcon.colcon_core.task.python.build:While undoing a previous installation files outside the Python library path are being ignored: /home/alberto/ros2_ws/install/my_robot_controller/lib/my_robot_controller/draw_circle
[1.049s] DEBUG:colcon.colcon_core.task.python.build:While undoing a previous installation files outside the Python library path are being ignored: /home/alberto/ros2_ws/install/my_robot_controller/lib/my_robot_controller/pose_subscriber
[1.049s] DEBUG:colcon.colcon_core.task.python.build:While undoing a previous installation files outside the Python library path are being ignored: /home/alberto/ros2_ws/install/my_robot_controller/lib/my_robot_controller/test_node
[1.049s] DEBUG:colcon.colcon_core.task.python.build:While undoing a previous installation files outside the Python library path are being ignored: /home/alberto/ros2_ws/install/my_robot_controller/lib/my_robot_controller/turtle_controller
[1.053s] DEBUG:colcon.colcon_core.event_handler.log_command:Invoking command in '/home/alberto/ros2_ws/build/my_robot_controller': PYTHONPATH=/home/alberto/ros2_ws/build/my_robot_controller/prefix_override:/home/alberto/ros2_ws/install/my_robot_controller/lib/python3.8/site-packages:${PYTHONPATH} /usr/bin/python3 setup.py develop --editable --build-directory /home/alberto/ros2_ws/build/my_robot_controller/build --no-deps install_data
[1.433s] Level 1:colcon.colcon_core.environment:create_environment_scripts_only(rona_robot)
[1.434s] DEBUG:colcon.colcon_core.event_handler.log_command:Invoked command in '/home/alberto/ros2_ws/build/rona_robot' returned '0': CMAKE_PREFIX_PATH=${CMAKE_PREFIX_PATH}:/home/alberto/ros2_ws/install/my_robot_controller:/home/alberto/learning_ws/install/my_fist_pkg:/opt/ros/foxy /usr/bin/cmake --install /home/alberto/ros2_ws/build/rona_robot
[1.440s] Level 1:colcon.colcon_core.environment:checking '/home/alberto/ros2_ws/install/rona_robot' for CMake module files
[1.441s] Level 1:colcon.colcon_core.environment:checking '/home/alberto/ros2_ws/install/rona_robot' for CMake config files
[1.441s] Level 1:colcon.colcon_core.shell:create_environment_hook('rona_robot', 'cmake_prefix_path')
[1.443s] INFO:colcon.colcon_core.shell:Creating environment hook '/home/alberto/ros2_ws/install/rona_robot/share/rona_robot/hook/cmake_prefix_path.ps1'
[1.443s] INFO:colcon.colcon_core.shell:Creating environment descriptor '/home/alberto/ros2_ws/install/rona_robot/share/rona_robot/hook/cmake_prefix_path.dsv'
[1.443s] INFO:colcon.colcon_core.shell:Creating environment hook '/home/alberto/ros2_ws/install/rona_robot/share/rona_robot/hook/cmake_prefix_path.sh'
[1.444s] Level 1:colcon.colcon_core.environment:checking '/home/alberto/ros2_ws/install/rona_robot/bin'
[1.444s] Level 1:colcon.colcon_core.environment:checking '/home/alberto/ros2_ws/install/rona_robot/lib/pkgconfig/rona_robot.pc'
[1.444s] Level 1:colcon.colcon_core.environment:checking '/home/alberto/ros2_ws/install/rona_robot/lib/python3.8/site-packages'
[1.444s] Level 1:colcon.colcon_core.environment:checking '/home/alberto/ros2_ws/install/rona_robot/bin'
[1.446s] INFO:colcon.colcon_core.shell:Creating package script '/home/alberto/ros2_ws/install/rona_robot/share/rona_robot/package.ps1'
[1.446s] INFO:colcon.colcon_core.shell:Creating package descriptor '/home/alberto/ros2_ws/install/rona_robot/share/rona_robot/package.dsv'
[1.447s] INFO:colcon.colcon_core.shell:Creating package script '/home/alberto/ros2_ws/install/rona_robot/share/rona_robot/package.sh'
[1.447s] INFO:colcon.colcon_core.shell:Creating package script '/home/alberto/ros2_ws/install/rona_robot/share/rona_robot/package.bash'
[1.448s] INFO:colcon.colcon_core.shell:Creating package script '/home/alberto/ros2_ws/install/rona_robot/share/rona_robot/package.zsh'
[1.448s] Level 1:colcon.colcon_core.environment:create_file_with_runtime_dependencies(/home/alberto/ros2_ws/install/rona_robot/share/colcon-core/packages/rona_robot)
[1.468s] Level 1:colcon.colcon_core.environment:create_environment_scripts_only(rona_robot)
[1.470s] Level 1:colcon.colcon_core.environment:checking '/home/alberto/ros2_ws/install/rona_robot' for CMake module files
[1.471s] Level 1:colcon.colcon_core.environment:checking '/home/alberto/ros2_ws/install/rona_robot' for CMake config files
[1.471s] Level 1:colcon.colcon_core.shell:create_environment_hook('rona_robot', 'cmake_prefix_path')
[1.472s] INFO:colcon.colcon_core.shell:Creating environment hook '/home/alberto/ros2_ws/install/rona_robot/share/rona_robot/hook/cmake_prefix_path.ps1'
[1.472s] INFO:colcon.colcon_core.shell:Creating environment descriptor '/home/alberto/ros2_ws/install/rona_robot/share/rona_robot/hook/cmake_prefix_path.dsv'
[1.473s] INFO:colcon.colcon_core.shell:Creating environment hook '/home/alberto/ros2_ws/install/rona_robot/share/rona_robot/hook/cmake_prefix_path.sh'
[1.473s] Level 1:colcon.colcon_core.environment:checking '/home/alberto/ros2_ws/install/rona_robot/bin'
[1.473s] Level 1:colcon.colcon_core.environment:checking '/home/alberto/ros2_ws/install/rona_robot/lib/pkgconfig/rona_robot.pc'
[1.473s] Level 1:colcon.colcon_core.environment:checking '/home/alberto/ros2_ws/install/rona_robot/lib/python3.8/site-packages'
[1.473s] Level 1:colcon.colcon_core.environment:checking '/home/alberto/ros2_ws/install/rona_robot/bin'
[1.475s] INFO:colcon.colcon_core.shell:Creating package script '/home/alberto/ros2_ws/install/rona_robot/share/rona_robot/package.ps1'
[1.475s] INFO:colcon.colcon_core.shell:Creating package descriptor '/home/alberto/ros2_ws/install/rona_robot/share/rona_robot/package.dsv'
[1.475s] INFO:colcon.colcon_core.shell:Creating package script '/home/alberto/ros2_ws/install/rona_robot/share/rona_robot/package.sh'
[1.476s] INFO:colcon.colcon_core.shell:Creating package script '/home/alberto/ros2_ws/install/rona_robot/share/rona_robot/package.bash'
[1.476s] INFO:colcon.colcon_core.shell:Creating package script '/home/alberto/ros2_ws/install/rona_robot/share/rona_robot/package.zsh'
[1.476s] Level 1:colcon.colcon_core.environment:create_file_with_runtime_dependencies(/home/alberto/ros2_ws/install/rona_robot/share/colcon-core/packages/rona_robot)
[1.517s] Level 1:colcon.colcon_core.shell:create_environment_hook('my_robot_controller', 'pythonpath_develop')
[1.518s] INFO:colcon.colcon_core.shell:Creating environment hook '/home/alberto/ros2_ws/build/my_robot_controller/share/my_robot_controller/hook/pythonpath_develop.ps1'
[1.518s] DEBUG:colcon.colcon_core.event_handler.log_command:Invoked command in '/home/alberto/ros2_ws/build/my_robot_controller' returned '0': PYTHONPATH=/home/alberto/ros2_ws/build/my_robot_controller/prefix_override:/home/alberto/ros2_ws/install/my_robot_controller/lib/python3.8/site-packages:${PYTHONPATH} /usr/bin/python3 setup.py develop --editable --build-directory /home/alberto/ros2_ws/build/my_robot_controller/build --no-deps install_data
[1.519s] INFO:colcon.colcon_core.shell:Creating environment descriptor '/home/alberto/ros2_ws/build/my_robot_controller/share/my_robot_controller/hook/pythonpath_develop.dsv'
[1.519s] INFO:colcon.colcon_core.shell:Creating environment hook '/home/alberto/ros2_ws/build/my_robot_controller/share/my_robot_controller/hook/pythonpath_develop.sh'
[1.521s] Level 1:colcon.colcon_core.environment:checking '/home/alberto/ros2_ws/install/my_robot_controller' for CMake module files
[1.522s] Level 1:colcon.colcon_core.environment:checking '/home/alberto/ros2_ws/install/my_robot_controller' for CMake config files
[1.522s] Level 1:colcon.colcon_core.environment:checking '/home/alberto/ros2_ws/install/my_robot_controller/lib'
[1.522s] Level 1:colcon.colcon_core.environment:checking '/home/alberto/ros2_ws/install/my_robot_controller/bin'
[1.522s] Level 1:colcon.colcon_core.environment:checking '/home/alberto/ros2_ws/install/my_robot_controller/lib/pkgconfig/my_robot_controller.pc'
[1.523s] Level 1:colcon.colcon_core.environment:checking '/home/alberto/ros2_ws/install/my_robot_controller/lib/python3.8/site-packages'
[1.523s] Level 1:colcon.colcon_core.shell:create_environment_hook('my_robot_controller', 'pythonpath')
[1.524s] INFO:colcon.colcon_core.shell:Creating environment hook '/home/alberto/ros2_ws/install/my_robot_controller/share/my_robot_controller/hook/pythonpath.ps1'
[1.524s] INFO:colcon.colcon_core.shell:Creating environment descriptor '/home/alberto/ros2_ws/install/my_robot_controller/share/my_robot_controller/hook/pythonpath.dsv'
[1.524s] INFO:colcon.colcon_core.shell:Creating environment hook '/home/alberto/ros2_ws/install/my_robot_controller/share/my_robot_controller/hook/pythonpath.sh'
[1.525s] Level 1:colcon.colcon_core.environment:checking '/home/alberto/ros2_ws/install/my_robot_controller/bin'
[1.525s] Level 1:colcon.colcon_core.environment:create_environment_scripts_only(my_robot_controller)
[1.526s] INFO:colcon.colcon_core.shell:Creating package script '/home/alberto/ros2_ws/install/my_robot_controller/share/my_robot_controller/package.ps1'
[1.527s] INFO:colcon.colcon_core.shell:Creating package descriptor '/home/alberto/ros2_ws/install/my_robot_controller/share/my_robot_controller/package.dsv'
[1.527s] INFO:colcon.colcon_core.shell:Creating package script '/home/alberto/ros2_ws/install/my_robot_controller/share/my_robot_controller/package.sh'
[1.527s] INFO:colcon.colcon_core.shell:Creating package script '/home/alberto/ros2_ws/install/my_robot_controller/share/my_robot_controller/package.bash'
[1.528s] INFO:colcon.colcon_core.shell:Creating package script '/home/alberto/ros2_ws/install/my_robot_controller/share/my_robot_controller/package.zsh'
[1.528s] Level 1:colcon.colcon_core.environment:create_file_with_runtime_dependencies(/home/alberto/ros2_ws/install/my_robot_controller/share/colcon-core/packages/my_robot_controller)
[1.528s] DEBUG:colcon.colcon_parallel_executor.executor.parallel:closing loop
[1.528s] DEBUG:colcon.colcon_parallel_executor.executor.parallel:loop closed
[1.528s] DEBUG:colcon.colcon_parallel_executor.executor.parallel:run_until_complete finished with '0'
[1.528s] DEBUG:colcon.colcon_core.event_reactor:joining thread
[1.533s] INFO:colcon.colcon_core.plugin_system:Skipping extension 'colcon_notification.desktop_notification.terminal_notifier': Not used on non-Darwin systems
[1.533s] INFO:colcon.colcon_core.plugin_system:Skipping extension 'colcon_notification.desktop_notification.win32': Not used on non-Windows systems
[1.533s] INFO:colcon.colcon_notification.desktop_notification:Sending desktop notification using 'notify2'
[1.546s] DEBUG:colcon.colcon_core.event_reactor:joined thread
[1.548s] INFO:colcon.colcon_core.shell:Creating prefix script '/home/alberto/ros2_ws/install/local_setup.ps1'
[1.549s] INFO:colcon.colcon_core.shell:Creating prefix util module '/home/alberto/ros2_ws/install/_local_setup_util_ps1.py'
[1.550s] INFO:colcon.colcon_core.shell:Creating prefix chain script '/home/alberto/ros2_ws/install/setup.ps1'
[1.552s] INFO:colcon.colcon_core.shell:Creating prefix script '/home/alberto/ros2_ws/install/local_setup.sh'
[1.552s] INFO:colcon.colcon_core.shell:Creating prefix util module '/home/alberto/ros2_ws/install/_local_setup_util_sh.py'
[1.552s] INFO:colcon.colcon_core.shell:Creating prefix chain script '/home/alberto/ros2_ws/install/setup.sh'
[1.554s] INFO:colcon.colcon_core.shell:Creating prefix script '/home/alberto/ros2_ws/install/local_setup.bash'
[1.554s] INFO:colcon.colcon_core.shell:Creating prefix chain script '/home/alberto/ros2_ws/install/setup.bash'
[1.555s] INFO:colcon.colcon_core.shell:Creating prefix script '/home/alberto/ros2_ws/install/local_setup.zsh'
[1.555s] INFO:colcon.colcon_core.shell:Creating prefix chain script '/home/alberto/ros2_ws/install/setup.zsh'
