[0.285s] DEBUG:colcon:Command line arguments: ['/usr/bin/colcon', 'build']
[0.285s] DEBUG:colcon:Parsed command line arguments: Namespace(allow_overriding=[], ament_cmake_args=None, base_paths=['.'], build_base='build', catkin_cmake_args=None, catkin_skip_building_tests=False, cmake_args=None, cmake_clean_cache=False, cmake_clean_first=False, cmake_force_configure=False, cmake_target=None, cmake_target_skip_unavailable=False, continue_on_error=False, event_handlers=None, executor='parallel', ignore_user_meta=False, install_base='install', log_base=None, log_level=None, main=<bound method BuildVerb.main of <colcon_core.verb.build.BuildVerb object at 0x7f5c65a26d00>>, merge_install=False, metas=['./colcon.meta'], packages_above=None, packages_above_and_dependencies=None, packages_above_depth=None, packages_end=None, packages_ignore=None, packages_ignore_regex=None, packages_select=None, packages_select_build_failed=False, packages_select_by_dep=None, packages_select_regex=None, packages_select_test_failures=False, packages_skip=None, packages_skip_build_finished=False, packages_skip_by_dep=None, packages_skip_regex=None, packages_skip_test_passed=False, packages_skip_up_to=None, packages_start=None, packages_up_to=None, packages_up_to_regex=None, parallel_workers=8, paths=None, symlink_install=False, test_result_base=None, verb_extension=<colcon_core.verb.build.BuildVerb object at 0x7f5c65a26d00>, verb_name='build', verb_parser=<colcon_defaults.argument_parser.defaults.DefaultArgumentsDecorator object at 0x7f5c65a312b0>)
[0.313s] Level 1:colcon.colcon_core.package_discovery:discover_packages(colcon_meta) check parameters
[0.313s] Level 1:colcon.colcon_core.package_discovery:discover_packages(recursive) check parameters
[0.313s] Level 1:colcon.colcon_core.package_discovery:discover_packages(ignore) check parameters
[0.313s] Level 1:colcon.colcon_core.package_discovery:discover_packages(path) check parameters
[0.313s] Level 1:colcon.colcon_core.package_discovery:discover_packages(colcon_meta) discover
[0.313s] Level 1:colcon.colcon_core.package_discovery:discover_packages(recursive) discover
[0.313s] INFO:colcon.colcon_core.package_discovery:Crawling recursively for packages in '/home/alberto/ros2_ws'
[0.313s] Level 1:colcon.colcon_core.package_identification:_identify(.) by extensions ['ignore', 'ignore_ament_install']
[0.313s] Level 1:colcon.colcon_core.package_identification:_identify(.) by extension 'ignore'
[0.313s] Level 1:colcon.colcon_core.package_identification:_identify(.) by extension 'ignore_ament_install'
[0.313s] Level 1:colcon.colcon_core.package_identification:_identify(.) by extensions ['colcon_pkg']
[0.313s] Level 1:colcon.colcon_core.package_identification:_identify(.) by extension 'colcon_pkg'
[0.313s] Level 1:colcon.colcon_core.package_identification:_identify(.) by extensions ['colcon_meta']
[0.313s] Level 1:colcon.colcon_core.package_identification:_identify(.) by extension 'colcon_meta'
[0.313s] Level 1:colcon.colcon_core.package_identification:_identify(.) by extensions ['ros']
[0.313s] Level 1:colcon.colcon_core.package_identification:_identify(.) by extension 'ros'
[0.322s] Level 1:colcon.colcon_core.package_identification:_identify(.) by extensions ['cmake', 'python']
[0.322s] Level 1:colcon.colcon_core.package_identification:_identify(.) by extension 'cmake'
[0.322s] Level 1:colcon.colcon_core.package_identification:_identify(.) by extension 'python'
[0.322s] Level 1:colcon.colcon_core.package_identification:_identify(.) by extensions ['python_setup_py']
[0.322s] Level 1:colcon.colcon_core.package_identification:_identify(.) by extension 'python_setup_py'
[0.322s] Level 1:colcon.colcon_core.package_identification:_identify(build) by extensions ['ignore', 'ignore_ament_install']
[0.322s] Level 1:colcon.colcon_core.package_identification:_identify(build) by extension 'ignore'
[0.322s] Level 1:colcon.colcon_core.package_identification:_identify(build) ignored
[0.322s] Level 1:colcon.colcon_core.package_identification:_identify(install) by extensions ['ignore', 'ignore_ament_install']
[0.322s] Level 1:colcon.colcon_core.package_identification:_identify(install) by extension 'ignore'
[0.323s] Level 1:colcon.colcon_core.package_identification:_identify(install) ignored
[0.323s] Level 1:colcon.colcon_core.package_identification:_identify(log) by extensions ['ignore', 'ignore_ament_install']
[0.323s] Level 1:colcon.colcon_core.package_identification:_identify(log) by extension 'ignore'
[0.323s] Level 1:colcon.colcon_core.package_identification:_identify(log) ignored
[0.323s] Level 1:colcon.colcon_core.package_identification:_identify(src) by extensions ['ignore', 'ignore_ament_install']
[0.323s] Level 1:colcon.colcon_core.package_identification:_identify(src) by extension 'ignore'
[0.323s] Level 1:colcon.colcon_core.package_identification:_identify(src) by extension 'ignore_ament_install'
[0.323s] Level 1:colcon.colcon_core.package_identification:_identify(src) by extensions ['colcon_pkg']
[0.323s] Level 1:colcon.colcon_core.package_identification:_identify(src) by extension 'colcon_pkg'
[0.323s] Level 1:colcon.colcon_core.package_identification:_identify(src) by extensions ['colcon_meta']
[0.323s] Level 1:colcon.colcon_core.package_identification:_identify(src) by extension 'colcon_meta'
[0.323s] Level 1:colcon.colcon_core.package_identification:_identify(src) by extensions ['ros']
[0.323s] Level 1:colcon.colcon_core.package_identification:_identify(src) by extension 'ros'
[0.323s] Level 1:colcon.colcon_core.package_identification:_identify(src) by extensions ['cmake', 'python']
[0.323s] Level 1:colcon.colcon_core.package_identification:_identify(src) by extension 'cmake'
[0.323s] Level 1:colcon.colcon_core.package_identification:_identify(src) by extension 'python'
[0.323s] Level 1:colcon.colcon_core.package_identification:_identify(src) by extensions ['python_setup_py']
[0.323s] Level 1:colcon.colcon_core.package_identification:_identify(src) by extension 'python_setup_py'
[0.323s] Level 1:colcon.colcon_core.package_identification:_identify(src/my_robot_controller) by extensions ['ignore', 'ignore_ament_install']
[0.323s] Level 1:colcon.colcon_core.package_identification:_identify(src/my_robot_controller) by extension 'ignore'
[0.323s] Level 1:colcon.colcon_core.package_identification:_identify(src/my_robot_controller) by extension 'ignore_ament_install'
[0.324s] Level 1:colcon.colcon_core.package_identification:_identify(src/my_robot_controller) by extensions ['colcon_pkg']
[0.324s] Level 1:colcon.colcon_core.package_identification:_identify(src/my_robot_controller) by extension 'colcon_pkg'
[0.324s] Level 1:colcon.colcon_core.package_identification:_identify(src/my_robot_controller) by extensions ['colcon_meta']
[0.324s] Level 1:colcon.colcon_core.package_identification:_identify(src/my_robot_controller) by extension 'colcon_meta'
[0.324s] Level 1:colcon.colcon_core.package_identification:_identify(src/my_robot_controller) by extensions ['ros']
[0.324s] Level 1:colcon.colcon_core.package_identification:_identify(src/my_robot_controller) by extension 'ros'
[0.326s] DEBUG:colcon.colcon_core.package_identification:Package 'src/my_robot_controller' with type 'ros.ament_python' and name 'my_robot_controller'
[0.326s] Level 1:colcon.colcon_core.package_identification:_identify(src/rona_robot) by extensions ['ignore', 'ignore_ament_install']
[0.326s] Level 1:colcon.colcon_core.package_identification:_identify(src/rona_robot) by extension 'ignore'
[0.326s] Level 1:colcon.colcon_core.package_identification:_identify(src/rona_robot) by extension 'ignore_ament_install'
[0.326s] Level 1:colcon.colcon_core.package_identification:_identify(src/rona_robot) by extensions ['colcon_pkg']
[0.326s] Level 1:colcon.colcon_core.package_identification:_identify(src/rona_robot) by extension 'colcon_pkg'
[0.326s] Level 1:colcon.colcon_core.package_identification:_identify(src/rona_robot) by extensions ['colcon_meta']
[0.326s] Level 1:colcon.colcon_core.package_identification:_identify(src/rona_robot) by extension 'colcon_meta'
[0.326s] Level 1:colcon.colcon_core.package_identification:_identify(src/rona_robot) by extensions ['ros']
[0.326s] Level 1:colcon.colcon_core.package_identification:_identify(src/rona_robot) by extension 'ros'
[0.327s] DEBUG:colcon.colcon_core.package_identification:Package 'src/rona_robot' with type 'ros.ament_cmake' and name 'rona_robot'
[0.327s] Level 1:colcon.colcon_core.package_discovery:discover_packages(recursive) using defaults
[0.327s] Level 1:colcon.colcon_core.package_discovery:discover_packages(ignore) discover
[0.327s] Level 1:colcon.colcon_core.package_discovery:discover_packages(ignore) using defaults
[0.327s] Level 1:colcon.colcon_core.package_discovery:discover_packages(path) discover
[0.327s] Level 1:colcon.colcon_core.package_discovery:discover_packages(path) using defaults
[0.343s] Level 1:colcon.colcon_core.package_discovery:discover_packages(prefix_path) check parameters
[0.343s] Level 1:colcon.colcon_core.package_discovery:discover_packages(prefix_path) discover
[0.345s] DEBUG:colcon.colcon_installed_package_information.package_discovery:Found 1 installed packages in /home/alberto/learning_ws/install
[0.346s] DEBUG:colcon.colcon_installed_package_information.package_discovery:Found 2 installed packages in /home/alberto/ros2_ws/install
[0.347s] DEBUG:colcon.colcon_installed_package_information.package_discovery:Found 314 installed packages in /opt/ros/foxy
[0.349s] Level 1:colcon.colcon_core.package_discovery:discover_packages(prefix_path) using defaults
[0.410s] Level 5:colcon.colcon_core.verb:set package 'my_robot_controller' build argument 'cmake_args' from command line to 'None'
[0.410s] Level 5:colcon.colcon_core.verb:set package 'my_robot_controller' build argument 'cmake_target' from command line to 'None'
[0.410s] Level 5:colcon.colcon_core.verb:set package 'my_robot_controller' build argument 'cmake_target_skip_unavailable' from command line to 'False'
[0.410s] Level 5:colcon.colcon_core.verb:set package 'my_robot_controller' build argument 'cmake_clean_cache' from command line to 'False'
[0.410s] Level 5:colcon.colcon_core.verb:set package 'my_robot_controller' build argument 'cmake_clean_first' from command line to 'False'
[0.410s] Level 5:colcon.colcon_core.verb:set package 'my_robot_controller' build argument 'cmake_force_configure' from command line to 'False'
[0.410s] Level 5:colcon.colcon_core.verb:set package 'my_robot_controller' build argument 'ament_cmake_args' from command line to 'None'
[0.410s] Level 5:colcon.colcon_core.verb:set package 'my_robot_controller' build argument 'catkin_cmake_args' from command line to 'None'
[0.410s] Level 5:colcon.colcon_core.verb:set package 'my_robot_controller' build argument 'catkin_skip_building_tests' from command line to 'False'
[0.410s] DEBUG:colcon.colcon_core.verb:Building package 'my_robot_controller' with the following arguments: {'ament_cmake_args': None, 'build_base': '/home/alberto/ros2_ws/build/my_robot_controller', 'catkin_cmake_args': None, 'catkin_skip_building_tests': False, 'cmake_args': None, 'cmake_clean_cache': False, 'cmake_clean_first': False, 'cmake_force_configure': False, 'cmake_target': None, 'cmake_target_skip_unavailable': False, 'install_base': '/home/alberto/ros2_ws/install/my_robot_controller', 'merge_install': False, 'path': '/home/alberto/ros2_ws/src/my_robot_controller', 'symlink_install': False, 'test_result_base': None}
[0.411s] Level 5:colcon.colcon_core.verb:set package 'rona_robot' build argument 'cmake_args' from command line to 'None'
[0.411s] Level 5:colcon.colcon_core.verb:set package 'rona_robot' build argument 'cmake_target' from command line to 'None'
[0.411s] Level 5:colcon.colcon_core.verb:set package 'rona_robot' build argument 'cmake_target_skip_unavailable' from command line to 'False'
[0.411s] Level 5:colcon.colcon_core.verb:set package 'rona_robot' build argument 'cmake_clean_cache' from command line to 'False'
[0.411s] Level 5:colcon.colcon_core.verb:set package 'rona_robot' build argument 'cmake_clean_first' from command line to 'False'
[0.411s] Level 5:colcon.colcon_core.verb:set package 'rona_robot' build argument 'cmake_force_configure' from command line to 'False'
[0.411s] Level 5:colcon.colcon_core.verb:set package 'rona_robot' build argument 'ament_cmake_args' from command line to 'None'
[0.411s] Level 5:colcon.colcon_core.verb:set package 'rona_robot' build argument 'catkin_cmake_args' from command line to 'None'
[0.411s] Level 5:colcon.colcon_core.verb:set package 'rona_robot' build argument 'catkin_skip_building_tests' from command line to 'False'
[0.411s] DEBUG:colcon.colcon_core.verb:Building package 'rona_robot' with the following arguments: {'ament_cmake_args': None, 'build_base': '/home/alberto/ros2_ws/build/rona_robot', 'catkin_cmake_args': None, 'catkin_skip_building_tests': False, 'cmake_args': None, 'cmake_clean_cache': False, 'cmake_clean_first': False, 'cmake_force_configure': False, 'cmake_target': None, 'cmake_target_skip_unavailable': False, 'install_base': '/home/alberto/ros2_ws/install/rona_robot', 'merge_install': False, 'path': '/home/alberto/ros2_ws/src/rona_robot', 'symlink_install': False, 'test_result_base': None}
[0.412s] INFO:colcon.colcon_core.executor:Executing jobs using 'parallel' executor
[0.414s] DEBUG:colcon.colcon_parallel_executor.executor.parallel:run_until_complete
[0.415s] INFO:colcon.colcon_ros.task.ament_python.build:Building ROS package in '/home/alberto/ros2_ws/src/my_robot_controller' with build type 'ament_python'
[0.415s] Level 1:colcon.colcon_core.shell:create_environment_hook('my_robot_controller', 'ament_prefix_path')
[0.418s] INFO:colcon.colcon_core.plugin_system:Skipping extension 'colcon_core.shell.bat': Not used on non-Windows systems
[0.419s] INFO:colcon.colcon_core.shell:Creating environment hook '/home/alberto/ros2_ws/install/my_robot_controller/share/my_robot_controller/hook/ament_prefix_path.ps1'
[0.419s] INFO:colcon.colcon_core.shell:Creating environment descriptor '/home/alberto/ros2_ws/install/my_robot_controller/share/my_robot_controller/hook/ament_prefix_path.dsv'
[0.419s] INFO:colcon.colcon_core.shell:Creating environment hook '/home/alberto/ros2_ws/install/my_robot_controller/share/my_robot_controller/hook/ament_prefix_path.sh'
[0.421s] INFO:colcon.colcon_core.shell:Skip shell extension 'powershell' for command environment: Not usable outside of PowerShell
[0.421s] DEBUG:colcon.colcon_core.shell:Skip shell extension 'dsv' for command environment
[0.427s] INFO:colcon.colcon_ros.task.ament_cmake.build:Building ROS package in '/home/alberto/ros2_ws/src/rona_robot' with build type 'ament_cmake'
[0.427s] INFO:colcon.colcon_cmake.task.cmake.build:Building CMake package in '/home/alberto/ros2_ws/src/rona_robot'
[0.429s] INFO:colcon.colcon_core.shell:Skip shell extension 'powershell' for command environment: Not usable outside of PowerShell
[0.429s] DEBUG:colcon.colcon_core.shell:Skip shell extension 'dsv' for command environment
[0.655s] INFO:colcon.colcon_core.task.python.build:Building Python package in '/home/alberto/ros2_ws/src/my_robot_controller'
[0.656s] INFO:colcon.colcon_core.shell:Skip shell extension 'powershell' for command environment: Not usable outside of PowerShell
[0.657s] DEBUG:colcon.colcon_core.shell:Skip shell extension 'dsv' for command environment
[0.668s] DEBUG:colcon.colcon_core.event_handler.log_command:Invoking command in '/home/alberto/ros2_ws/build/rona_robot': CMAKE_PREFIX_PATH=${CMAKE_PREFIX_PATH}:/home/alberto/ros2_ws/install/my_robot_controller:/home/alberto/learning_ws/install/my_fist_pkg:/opt/ros/foxy /usr/bin/cmake --build /home/alberto/ros2_ws/build/rona_robot -- -j8 -l8
[0.701s] DEBUG:colcon.colcon_core.event_handler.log_command:Invoked command in '/home/alberto/ros2_ws/build/rona_robot' returned '0': CMAKE_PREFIX_PATH=${CMAKE_PREFIX_PATH}:/home/alberto/ros2_ws/install/my_robot_controller:/home/alberto/learning_ws/install/my_fist_pkg:/opt/ros/foxy /usr/bin/cmake --build /home/alberto/ros2_ws/build/rona_robot -- -j8 -l8
[0.732s] DEBUG:colcon.colcon_core.event_handler.log_command:Invoking command in '/home/alberto/ros2_ws/build/rona_robot': CMAKE_PREFIX_PATH=${CMAKE_PREFIX_PATH}:/home/alberto/ros2_ws/install/my_robot_controller:/home/alberto/learning_ws/install/my_fist_pkg:/opt/ros/foxy /usr/bin/cmake --install /home/alberto/ros2_ws/build/rona_robot
[0.741s] Level 1:colcon.colcon_core.environment:create_environment_scripts_only(rona_robot)
[0.750s] Level 1:colcon.colcon_core.environment:checking '/home/alberto/ros2_ws/install/rona_robot' for CMake module files
[0.751s] Level 1:colcon.colcon_core.environment:checking '/home/alberto/ros2_ws/install/rona_robot' for CMake config files
[0.752s] Level 1:colcon.colcon_core.shell:create_environment_hook('rona_robot', 'cmake_prefix_path')
[0.753s] INFO:colcon.colcon_core.shell:Creating environment hook '/home/alberto/ros2_ws/install/rona_robot/share/rona_robot/hook/cmake_prefix_path.ps1'
[0.754s] INFO:colcon.colcon_core.shell:Creating environment descriptor '/home/alberto/ros2_ws/install/rona_robot/share/rona_robot/hook/cmake_prefix_path.dsv'
[0.754s] INFO:colcon.colcon_core.shell:Creating environment hook '/home/alberto/ros2_ws/install/rona_robot/share/rona_robot/hook/cmake_prefix_path.sh'
[0.755s] DEBUG:colcon.colcon_core.event_handler.log_command:Invoked command in '/home/alberto/ros2_ws/build/rona_robot' returned '0': CMAKE_PREFIX_PATH=${CMAKE_PREFIX_PATH}:/home/alberto/ros2_ws/install/my_robot_controller:/home/alberto/learning_ws/install/my_fist_pkg:/opt/ros/foxy /usr/bin/cmake --install /home/alberto/ros2_ws/build/rona_robot
[0.755s] Level 1:colcon.colcon_core.environment:checking '/home/alberto/ros2_ws/install/rona_robot/bin'
[0.755s] Level 1:colcon.colcon_core.environment:checking '/home/alberto/ros2_ws/install/rona_robot/lib/pkgconfig/rona_robot.pc'
[0.756s] Level 1:colcon.colcon_core.environment:checking '/home/alberto/ros2_ws/install/rona_robot/lib/python3.8/site-packages'
[0.756s] Level 1:colcon.colcon_core.environment:checking '/home/alberto/ros2_ws/install/rona_robot/bin'
[0.757s] INFO:colcon.colcon_core.shell:Creating package script '/home/alberto/ros2_ws/install/rona_robot/share/rona_robot/package.ps1'
[0.758s] INFO:colcon.colcon_core.shell:Creating package descriptor '/home/alberto/ros2_ws/install/rona_robot/share/rona_robot/package.dsv'
[0.758s] INFO:colcon.colcon_core.shell:Creating package script '/home/alberto/ros2_ws/install/rona_robot/share/rona_robot/package.sh'
[0.758s] INFO:colcon.colcon_core.shell:Creating package script '/home/alberto/ros2_ws/install/rona_robot/share/rona_robot/package.bash'
[0.759s] INFO:colcon.colcon_core.shell:Creating package script '/home/alberto/ros2_ws/install/rona_robot/share/rona_robot/package.zsh'
[0.759s] Level 1:colcon.colcon_core.environment:create_file_with_runtime_dependencies(/home/alberto/ros2_ws/install/rona_robot/share/colcon-core/packages/rona_robot)
[0.779s] Level 1:colcon.colcon_core.environment:create_environment_scripts_only(rona_robot)
[0.781s] Level 1:colcon.colcon_core.environment:checking '/home/alberto/ros2_ws/install/rona_robot' for CMake module files
[0.781s] Level 1:colcon.colcon_core.environment:checking '/home/alberto/ros2_ws/install/rona_robot' for CMake config files
[0.781s] Level 1:colcon.colcon_core.shell:create_environment_hook('rona_robot', 'cmake_prefix_path')
[0.782s] INFO:colcon.colcon_core.shell:Creating environment hook '/home/alberto/ros2_ws/install/rona_robot/share/rona_robot/hook/cmake_prefix_path.ps1'
[0.783s] INFO:colcon.colcon_core.shell:Creating environment descriptor '/home/alberto/ros2_ws/install/rona_robot/share/rona_robot/hook/cmake_prefix_path.dsv'
[0.783s] INFO:colcon.colcon_core.shell:Creating environment hook '/home/alberto/ros2_ws/install/rona_robot/share/rona_robot/hook/cmake_prefix_path.sh'
[0.784s] Level 1:colcon.colcon_core.environment:checking '/home/alberto/ros2_ws/install/rona_robot/bin'
[0.784s] Level 1:colcon.colcon_core.environment:checking '/home/alberto/ros2_ws/install/rona_robot/lib/pkgconfig/rona_robot.pc'
[0.784s] Level 1:colcon.colcon_core.environment:checking '/home/alberto/ros2_ws/install/rona_robot/lib/python3.8/site-packages'
[0.784s] Level 1:colcon.colcon_core.environment:checking '/home/alberto/ros2_ws/install/rona_robot/bin'
[0.785s] INFO:colcon.colcon_core.shell:Creating package script '/home/alberto/ros2_ws/install/rona_robot/share/rona_robot/package.ps1'
[0.786s] INFO:colcon.colcon_core.shell:Creating package descriptor '/home/alberto/ros2_ws/install/rona_robot/share/rona_robot/package.dsv'
[0.786s] INFO:colcon.colcon_core.shell:Creating package script '/home/alberto/ros2_ws/install/rona_robot/share/rona_robot/package.sh'
[0.786s] INFO:colcon.colcon_core.shell:Creating package script '/home/alberto/ros2_ws/install/rona_robot/share/rona_robot/package.bash'
[0.787s] INFO:colcon.colcon_core.shell:Creating package script '/home/alberto/ros2_ws/install/rona_robot/share/rona_robot/package.zsh'
[0.787s] Level 1:colcon.colcon_core.environment:create_file_with_runtime_dependencies(/home/alberto/ros2_ws/install/rona_robot/share/colcon-core/packages/rona_robot)
[1.054s] DEBUG:colcon.colcon_core.event_handler.log_command:Invoking command in '/home/alberto/ros2_ws/src/my_robot_controller': PYTHONPATH=/home/alberto/ros2_ws/build/my_robot_controller/prefix_override:/home/alberto/ros2_ws/install/my_robot_controller/lib/python3.8/site-packages:${PYTHONPATH} /usr/bin/python3 setup.py egg_info --egg-base ../../build/my_robot_controller build --build-base /home/alberto/ros2_ws/build/my_robot_controller/build install --record /home/alberto/ros2_ws/build/my_robot_controller/install.log --install-scripts $base/lib/my_robot_controller --single-version-externally-managed
[1.325s] Level 1:colcon.colcon_core.environment:checking '/home/alberto/ros2_ws/install/my_robot_controller' for CMake module files
[1.326s] DEBUG:colcon.colcon_core.event_handler.log_command:Invoked command in '/home/alberto/ros2_ws/src/my_robot_controller' returned '0': PYTHONPATH=/home/alberto/ros2_ws/build/my_robot_controller/prefix_override:/home/alberto/ros2_ws/install/my_robot_controller/lib/python3.8/site-packages:${PYTHONPATH} /usr/bin/python3 setup.py egg_info --egg-base ../../build/my_robot_controller build --build-base /home/alberto/ros2_ws/build/my_robot_controller/build install --record /home/alberto/ros2_ws/build/my_robot_controller/install.log --install-scripts $base/lib/my_robot_controller --single-version-externally-managed
[1.326s] Level 1:colcon.colcon_core.environment:checking '/home/alberto/ros2_ws/install/my_robot_controller' for CMake config files
[1.327s] Level 1:colcon.colcon_core.environment:checking '/home/alberto/ros2_ws/install/my_robot_controller/lib'
[1.327s] Level 1:colcon.colcon_core.environment:checking '/home/alberto/ros2_ws/install/my_robot_controller/bin'
[1.327s] Level 1:colcon.colcon_core.environment:checking '/home/alberto/ros2_ws/install/my_robot_controller/lib/pkgconfig/my_robot_controller.pc'
[1.327s] Level 1:colcon.colcon_core.environment:checking '/home/alberto/ros2_ws/install/my_robot_controller/lib/python3.8/site-packages'
[1.328s] Level 1:colcon.colcon_core.shell:create_environment_hook('my_robot_controller', 'pythonpath')
[1.330s] INFO:colcon.colcon_core.shell:Creating environment hook '/home/alberto/ros2_ws/install/my_robot_controller/share/my_robot_controller/hook/pythonpath.ps1'
[1.330s] INFO:colcon.colcon_core.shell:Creating environment descriptor '/home/alberto/ros2_ws/install/my_robot_controller/share/my_robot_controller/hook/pythonpath.dsv'
[1.330s] INFO:colcon.colcon_core.shell:Creating environment hook '/home/alberto/ros2_ws/install/my_robot_controller/share/my_robot_controller/hook/pythonpath.sh'
[1.331s] Level 1:colcon.colcon_core.environment:checking '/home/alberto/ros2_ws/install/my_robot_controller/bin'
[1.331s] Level 1:colcon.colcon_core.environment:create_environment_scripts_only(my_robot_controller)
[1.332s] INFO:colcon.colcon_core.shell:Creating package script '/home/alberto/ros2_ws/install/my_robot_controller/share/my_robot_controller/package.ps1'
[1.332s] INFO:colcon.colcon_core.shell:Creating package descriptor '/home/alberto/ros2_ws/install/my_robot_controller/share/my_robot_controller/package.dsv'
[1.333s] INFO:colcon.colcon_core.shell:Creating package script '/home/alberto/ros2_ws/install/my_robot_controller/share/my_robot_controller/package.sh'
[1.333s] INFO:colcon.colcon_core.shell:Creating package script '/home/alberto/ros2_ws/install/my_robot_controller/share/my_robot_controller/package.bash'
[1.333s] INFO:colcon.colcon_core.shell:Creating package script '/home/alberto/ros2_ws/install/my_robot_controller/share/my_robot_controller/package.zsh'
[1.333s] Level 1:colcon.colcon_core.environment:create_file_with_runtime_dependencies(/home/alberto/ros2_ws/install/my_robot_controller/share/colcon-core/packages/my_robot_controller)
[1.334s] DEBUG:colcon.colcon_parallel_executor.executor.parallel:closing loop
[1.334s] DEBUG:colcon.colcon_parallel_executor.executor.parallel:loop closed
[1.334s] DEBUG:colcon.colcon_parallel_executor.executor.parallel:run_until_complete finished with '0'
[1.334s] DEBUG:colcon.colcon_core.event_reactor:joining thread
[1.338s] INFO:colcon.colcon_core.plugin_system:Skipping extension 'colcon_notification.desktop_notification.terminal_notifier': Not used on non-Darwin systems
[1.338s] INFO:colcon.colcon_core.plugin_system:Skipping extension 'colcon_notification.desktop_notification.win32': Not used on non-Windows systems
[1.338s] INFO:colcon.colcon_notification.desktop_notification:Sending desktop notification using 'notify2'
[1.350s] DEBUG:colcon.colcon_core.event_reactor:joined thread
[1.351s] INFO:colcon.colcon_core.shell:Creating prefix script '/home/alberto/ros2_ws/install/local_setup.ps1'
[1.352s] INFO:colcon.colcon_core.shell:Creating prefix util module '/home/alberto/ros2_ws/install/_local_setup_util_ps1.py'
[1.353s] INFO:colcon.colcon_core.shell:Creating prefix chain script '/home/alberto/ros2_ws/install/setup.ps1'
[1.355s] INFO:colcon.colcon_core.shell:Creating prefix script '/home/alberto/ros2_ws/install/local_setup.sh'
[1.356s] INFO:colcon.colcon_core.shell:Creating prefix util module '/home/alberto/ros2_ws/install/_local_setup_util_sh.py'
[1.356s] INFO:colcon.colcon_core.shell:Creating prefix chain script '/home/alberto/ros2_ws/install/setup.sh'
[1.357s] INFO:colcon.colcon_core.shell:Creating prefix script '/home/alberto/ros2_ws/install/local_setup.bash'
[1.358s] INFO:colcon.colcon_core.shell:Creating prefix chain script '/home/alberto/ros2_ws/install/setup.bash'
[1.359s] INFO:colcon.colcon_core.shell:Creating prefix script '/home/alberto/ros2_ws/install/local_setup.zsh'
[1.359s] INFO:colcon.colcon_core.shell:Creating prefix chain script '/home/alberto/ros2_ws/install/setup.zsh'
