-- Found ament_cmake: 0.9.12 (/opt/ros/foxy/share/ament_cmake/cmake)
-- Using PYTHON_EXECUTABLE: /usr/bin/python3
-- Override CMake install command with custom implementation using symlinks instead of copying resources
-- Found ament_lint_auto: 0.9.8 (/opt/ros/foxy/share/ament_lint_auto/cmake)
-- Added test 'copyright' to check source files copyright and LICENSE
-- Added test 'cppcheck' to perform static code analysis on C / C++ code
-- Configured cppcheck include dirs: 
-- Configured cppcheck exclude dirs and/or files: 
-- Added test 'cpplint' to check C / C++ code against the Google style
-- Configured cpplint exclude dirs and/or files: 
-- Added test 'flake8' to check Python code syntax and style conventions
-- Added test 'lint_cmake' to check CMake code style
-- Added test 'pep257' to check Python code against some of the style conventions in PEP 257
-- Added test 'uncrustify' to check C / C++ code style
-- Configured uncrustify additional arguments: 
-- Added test 'xmllint' to check XML markup files
-- Configuring done
-- Generating done
-- Build files have been written to: /home/alberto/ros2_ws/build/rona_robot
-- Install configuration: ""
-- Execute custom install script
-- Up-to-date symlink: /home/alberto/ros2_ws/install/rona_robot/share/rona_robot/config/ball_tracker_params_robot.yaml
-- Up-to-date symlink: /home/alberto/ros2_ws/install/rona_robot/share/rona_robot/config/ball_tracker_params_sim.yaml
-- Up-to-date symlink: /home/alberto/ros2_ws/install/rona_robot/share/rona_robot/config/drive_bot.rviz
-- Up-to-date symlink: /home/alberto/ros2_ws/install/rona_robot/share/rona_robot/config/empty.yaml
-- Up-to-date symlink: /home/alberto/ros2_ws/install/rona_robot/share/rona_robot/config/gaz_ros2_ctl_use_sim.yaml
-- Up-to-date symlink: /home/alberto/ros2_ws/install/rona_robot/share/rona_robot/config/gazebo_params.yaml
-- Up-to-date symlink: /home/alberto/ros2_ws/install/rona_robot/share/rona_robot/config/joystick.yaml
-- Up-to-date symlink: /home/alberto/ros2_ws/install/rona_robot/share/rona_robot/config/main.rviz
-- Up-to-date symlink: /home/alberto/ros2_ws/install/rona_robot/share/rona_robot/config/map.rviz
-- Up-to-date symlink: /home/alberto/ros2_ws/install/rona_robot/share/rona_robot/config/mapper_params_online_async.yaml
-- Up-to-date symlink: /home/alberto/ros2_ws/install/rona_robot/share/rona_robot/config/my_controllers.yaml
-- Up-to-date symlink: /home/alberto/ros2_ws/install/rona_robot/share/rona_robot/config/nav2_params.yaml
-- Up-to-date symlink: /home/alberto/ros2_ws/install/rona_robot/share/rona_robot/config/twist_mux.yaml
-- Up-to-date symlink: /home/alberto/ros2_ws/install/rona_robot/share/rona_robot/config/view_bot.rviz
-- Up-to-date symlink: /home/alberto/ros2_ws/install/rona_robot/share/rona_robot/description/camera.xacro
-- Up-to-date symlink: /home/alberto/ros2_ws/install/rona_robot/share/rona_robot/description/colors.xacro
-- Up-to-date symlink: /home/alberto/ros2_ws/install/rona_robot/share/rona_robot/description/depth_camera.xacro
-- Up-to-date symlink: /home/alberto/ros2_ws/install/rona_robot/share/rona_robot/description/face.xacro
-- Up-to-date symlink: /home/alberto/ros2_ws/install/rona_robot/share/rona_robot/description/gazebo_control.xacro
-- Up-to-date symlink: /home/alberto/ros2_ws/install/rona_robot/share/rona_robot/description/inertial_macros.xacro
-- Up-to-date symlink: /home/alberto/ros2_ws/install/rona_robot/share/rona_robot/description/lidar.xacro
-- Up-to-date symlink: /home/alberto/ros2_ws/install/rona_robot/share/rona_robot/description/macros.xacro
-- Up-to-date symlink: /home/alberto/ros2_ws/install/rona_robot/share/rona_robot/description/physical_properties.xacro
-- Up-to-date symlink: /home/alberto/ros2_ws/install/rona_robot/share/rona_robot/description/robot.urdf.xacro
-- Up-to-date symlink: /home/alberto/ros2_ws/install/rona_robot/share/rona_robot/description/robot_core.xacro
-- Up-to-date symlink: /home/alberto/ros2_ws/install/rona_robot/share/rona_robot/description/robot_core_initial.xacro
-- Up-to-date symlink: /home/alberto/ros2_ws/install/rona_robot/share/rona_robot/description/ros2_control.xacro
-- Up-to-date symlink: /home/alberto/ros2_ws/install/rona_robot/share/rona_robot/launch/ball_tracker.launch.py
-- Up-to-date symlink: /home/alberto/ros2_ws/install/rona_robot/share/rona_robot/launch/camera.launch.py
-- Up-to-date symlink: /home/alberto/ros2_ws/install/rona_robot/share/rona_robot/launch/joystick.launch.py
-- Up-to-date symlink: /home/alberto/ros2_ws/install/rona_robot/share/rona_robot/launch/launch_robot.launch.py
-- Up-to-date symlink: /home/alberto/ros2_ws/install/rona_robot/share/rona_robot/launch/launch_sim.launch.py
-- Up-to-date symlink: /home/alberto/ros2_ws/install/rona_robot/share/rona_robot/launch/localization_launch.py
-- Up-to-date symlink: /home/alberto/ros2_ws/install/rona_robot/share/rona_robot/launch/navigation_launch.py
-- Up-to-date symlink: /home/alberto/ros2_ws/install/rona_robot/share/rona_robot/launch/online_async_launch.py
-- Up-to-date symlink: /home/alberto/ros2_ws/install/rona_robot/share/rona_robot/launch/rplidar.launch.py
-- Up-to-date symlink: /home/alberto/ros2_ws/install/rona_robot/share/rona_robot/launch/rsp.launch.py
-- Up-to-date symlink: /home/alberto/ros2_ws/install/rona_robot/share/rona_robot/worlds/empty.world
-- Up-to-date symlink: /home/alberto/ros2_ws/install/rona_robot/share/rona_robot/worlds/obstacles.world
-- Up-to-date symlink: /home/alberto/ros2_ws/install/rona_robot/share/ament_index/resource_index/package_run_dependencies/rona_robot
-- Up-to-date symlink: /home/alberto/ros2_ws/install/rona_robot/share/ament_index/resource_index/parent_prefix_path/rona_robot
-- Up-to-date symlink: /home/alberto/ros2_ws/install/rona_robot/share/rona_robot/environment/ament_prefix_path.sh
-- Up-to-date symlink: /home/alberto/ros2_ws/install/rona_robot/share/rona_robot/environment/ament_prefix_path.dsv
-- Up-to-date symlink: /home/alberto/ros2_ws/install/rona_robot/share/rona_robot/environment/path.sh
-- Up-to-date symlink: /home/alberto/ros2_ws/install/rona_robot/share/rona_robot/environment/path.dsv
-- Up-to-date symlink: /home/alberto/ros2_ws/install/rona_robot/share/rona_robot/local_setup.bash
-- Up-to-date symlink: /home/alberto/ros2_ws/install/rona_robot/share/rona_robot/local_setup.sh
-- Up-to-date symlink: /home/alberto/ros2_ws/install/rona_robot/share/rona_robot/local_setup.zsh
-- Up-to-date symlink: /home/alberto/ros2_ws/install/rona_robot/share/rona_robot/local_setup.dsv
-- Symlinking: /home/alberto/ros2_ws/install/rona_robot/share/rona_robot/package.dsv
-- Up-to-date symlink: /home/alberto/ros2_ws/install/rona_robot/share/ament_index/resource_index/packages/rona_robot
-- Up-to-date symlink: /home/alberto/ros2_ws/install/rona_robot/share/rona_robot/cmake/rona_robotConfig.cmake
-- Up-to-date symlink: /home/alberto/ros2_ws/install/rona_robot/share/rona_robot/cmake/rona_robotConfig-version.cmake
-- Up-to-date symlink: /home/alberto/ros2_ws/install/rona_robot/share/rona_robot/package.xml
