[1.005s] Invoking command in '/home/alberto/ros2_ws/build/my_robot_controller': PYTHONPATH=/home/alberto/ros2_ws/build/my_robot_controller/prefix_override:/home/alberto/ros2_ws/install/my_robot_controller/lib/python3.8/site-packages:${PYTHONPATH} /usr/bin/python3 setup.py develop --editable --build-directory /home/alberto/ros2_ws/build/my_robot_controller/build --no-deps install_data
[1.246s] running develop
[1.406s] running egg_info
[1.407s] writing my_robot_controller.egg-info/PKG-INFO
[1.407s] writing dependency_links to my_robot_controller.egg-info/dependency_links.txt
[1.407s] writing entry points to my_robot_controller.egg-info/entry_points.txt
[1.407s] writing requirements to my_robot_controller.egg-info/requires.txt
[1.407s] writing top-level names to my_robot_controller.egg-info/top_level.txt
[1.438s] reading manifest file 'my_robot_controller.egg-info/SOURCES.txt'
[1.439s] writing manifest file 'my_robot_controller.egg-info/SOURCES.txt'
[1.469s] running build_ext
[1.470s] Creating /home/alberto/ros2_ws/install/my_robot_controller/lib/python3.8/site-packages/my-robot-controller.egg-link (link to .)
[1.471s] Installing draw_circle script to /home/alberto/ros2_ws/install/my_robot_controller/lib/my_robot_controller
[1.471s] Installing pose_subscriber script to /home/alberto/ros2_ws/install/my_robot_controller/lib/my_robot_controller
[1.471s] Installing test_node script to /home/alberto/ros2_ws/install/my_robot_controller/lib/my_robot_controller
[1.471s] Installing turtle_controller script to /home/alberto/ros2_ws/install/my_robot_controller/lib/my_robot_controller
[1.471s] 
[1.471s] Installed /home/alberto/ros2_ws/build/my_robot_controller
[1.471s] running install_data
[1.500s] Invoked command in '/home/alberto/ros2_ws/build/my_robot_controller' returned '0': PYTHONPATH=/home/alberto/ros2_ws/build/my_robot_controller/prefix_override:/home/alberto/ros2_ws/install/my_robot_controller/lib/python3.8/site-packages:${PYTHONPATH} /usr/bin/python3 setup.py develop --editable --build-directory /home/alberto/ros2_ws/build/my_robot_controller/build --no-deps install_data
