[0.635s] Invoking command in '/home/alberto/ros2_ws/src/my_robot_controller': PYTHONPATH=/home/alberto/ros2_ws/build/my_robot_controller/prefix_override:/home/alberto/ros2_ws/install/my_robot_controller/lib/python3.8/site-packages:${PYTHONPATH} /usr/bin/python3 setup.py egg_info --egg-base ../../build/my_robot_controller build --build-base /home/alberto/ros2_ws/build/my_robot_controller/build install --record /home/alberto/ros2_ws/build/my_robot_controller/install.log --install-scripts $base/lib/my_robot_controller --single-version-externally-managed
[0.866s] running egg_info
[0.866s] writing ../../build/my_robot_controller/my_robot_controller.egg-info/PKG-INFO
[0.866s] writing dependency_links to ../../build/my_robot_controller/my_robot_controller.egg-info/dependency_links.txt
[0.866s] writing entry points to ../../build/my_robot_controller/my_robot_controller.egg-info/entry_points.txt
[0.867s] writing requirements to ../../build/my_robot_controller/my_robot_controller.egg-info/requires.txt
[0.867s] writing top-level names to ../../build/my_robot_controller/my_robot_controller.egg-info/top_level.txt
[0.897s] reading manifest file '../../build/my_robot_controller/my_robot_controller.egg-info/SOURCES.txt'
[0.897s] writing manifest file '../../build/my_robot_controller/my_robot_controller.egg-info/SOURCES.txt'
[0.897s] running build
[0.897s] running build_py
[0.898s] running install
[0.898s] running install_lib
[0.900s] running install_data
[0.900s] running install_egg_info
[0.901s] removing '/home/alberto/ros2_ws/install/my_robot_controller/lib/python3.8/site-packages/my_robot_controller-0.0.0-py3.8.egg-info' (and everything under it)
[0.902s] Copying ../../build/my_robot_controller/my_robot_controller.egg-info to /home/alberto/ros2_ws/install/my_robot_controller/lib/python3.8/site-packages/my_robot_controller-0.0.0-py3.8.egg-info
[0.902s] running install_scripts
[0.917s] Installing draw_circle script to /home/alberto/ros2_ws/install/my_robot_controller/lib/my_robot_controller
[0.917s] Installing pose_subscriber script to /home/alberto/ros2_ws/install/my_robot_controller/lib/my_robot_controller
[0.917s] Installing test_node script to /home/alberto/ros2_ws/install/my_robot_controller/lib/my_robot_controller
[0.917s] Installing turtle_controller script to /home/alberto/ros2_ws/install/my_robot_controller/lib/my_robot_controller
[0.917s] writing list of installed files to '/home/alberto/ros2_ws/build/my_robot_controller/install.log'
[0.943s] Invoked command in '/home/alberto/ros2_ws/src/my_robot_controller' returned '0': PYTHONPATH=/home/alberto/ros2_ws/build/my_robot_controller/prefix_override:/home/alberto/ros2_ws/install/my_robot_controller/lib/python3.8/site-packages:${PYTHONPATH} /usr/bin/python3 setup.py egg_info --egg-base ../../build/my_robot_controller build --build-base /home/alberto/ros2_ws/build/my_robot_controller/build install --record /home/alberto/ros2_ws/build/my_robot_controller/install.log --install-scripts $base/lib/my_robot_controller --single-version-externally-managed
