[0.282s] DEBUG:colcon:Command line arguments: ['/usr/bin/colcon', 'build']
[0.282s] DEBUG:colcon:Parsed command line arguments: Namespace(allow_overriding=[], ament_cmake_args=None, base_paths=['.'], build_base='build', catkin_cmake_args=None, catkin_skip_building_tests=False, cmake_args=None, cmake_clean_cache=False, cmake_clean_first=False, cmake_force_configure=False, cmake_target=None, cmake_target_skip_unavailable=False, continue_on_error=False, event_handlers=None, executor='parallel', ignore_user_meta=False, install_base='install', log_base=None, log_level=None, main=<bound method BuildVerb.main of <colcon_core.verb.build.BuildVerb object at 0x7ffb0ace4cd0>>, merge_install=False, metas=['./colcon.meta'], packages_above=None, packages_above_and_dependencies=None, packages_above_depth=None, packages_end=None, packages_ignore=None, packages_ignore_regex=None, packages_select=None, packages_select_build_failed=False, packages_select_by_dep=None, packages_select_regex=None, packages_select_test_failures=False, packages_skip=None, packages_skip_build_finished=False, packages_skip_by_dep=None, packages_skip_regex=None, packages_skip_test_passed=False, packages_skip_up_to=None, packages_start=None, packages_up_to=None, packages_up_to_regex=None, parallel_workers=8, paths=None, symlink_install=False, test_result_base=None, verb_extension=<colcon_core.verb.build.BuildVerb object at 0x7ffb0ace4cd0>, verb_name='build', verb_parser=<colcon_defaults.argument_parser.defaults.DefaultArgumentsDecorator object at 0x7ffb0acef280>)
[0.311s] Level 1:colcon.colcon_core.package_discovery:discover_packages(colcon_meta) check parameters
[0.311s] Level 1:colcon.colcon_core.package_discovery:discover_packages(recursive) check parameters
[0.311s] Level 1:colcon.colcon_core.package_discovery:discover_packages(ignore) check parameters
[0.311s] Level 1:colcon.colcon_core.package_discovery:discover_packages(path) check parameters
[0.311s] Level 1:colcon.colcon_core.package_discovery:discover_packages(colcon_meta) discover
[0.311s] Level 1:colcon.colcon_core.package_discovery:discover_packages(recursive) discover
[0.311s] INFO:colcon.colcon_core.package_discovery:Crawling recursively for packages in '/home/alberto/ros2_ws'
[0.311s] Level 1:colcon.colcon_core.package_identification:_identify(.) by extensions ['ignore', 'ignore_ament_install']
[0.311s] Level 1:colcon.colcon_core.package_identification:_identify(.) by extension 'ignore'
[0.311s] Level 1:colcon.colcon_core.package_identification:_identify(.) by extension 'ignore_ament_install'
[0.311s] Level 1:colcon.colcon_core.package_identification:_identify(.) by extensions ['colcon_pkg']
[0.311s] Level 1:colcon.colcon_core.package_identification:_identify(.) by extension 'colcon_pkg'
[0.311s] Level 1:colcon.colcon_core.package_identification:_identify(.) by extensions ['colcon_meta']
[0.311s] Level 1:colcon.colcon_core.package_identification:_identify(.) by extension 'colcon_meta'
[0.311s] Level 1:colcon.colcon_core.package_identification:_identify(.) by extensions ['ros']
[0.311s] Level 1:colcon.colcon_core.package_identification:_identify(.) by extension 'ros'
[0.320s] Level 1:colcon.colcon_core.package_identification:_identify(.) by extensions ['cmake', 'python']
[0.320s] Level 1:colcon.colcon_core.package_identification:_identify(.) by extension 'cmake'
[0.320s] Level 1:colcon.colcon_core.package_identification:_identify(.) by extension 'python'
[0.320s] Level 1:colcon.colcon_core.package_identification:_identify(.) by extensions ['python_setup_py']
[0.320s] Level 1:colcon.colcon_core.package_identification:_identify(.) by extension 'python_setup_py'
[0.320s] Level 1:colcon.colcon_core.package_identification:_identify(build) by extensions ['ignore', 'ignore_ament_install']
[0.320s] Level 1:colcon.colcon_core.package_identification:_identify(build) by extension 'ignore'
[0.320s] Level 1:colcon.colcon_core.package_identification:_identify(build) ignored
[0.320s] Level 1:colcon.colcon_core.package_identification:_identify(install) by extensions ['ignore', 'ignore_ament_install']
[0.321s] Level 1:colcon.colcon_core.package_identification:_identify(install) by extension 'ignore'
[0.321s] Level 1:colcon.colcon_core.package_identification:_identify(install) ignored
[0.321s] Level 1:colcon.colcon_core.package_identification:_identify(log) by extensions ['ignore', 'ignore_ament_install']
[0.321s] Level 1:colcon.colcon_core.package_identification:_identify(log) by extension 'ignore'
[0.321s] Level 1:colcon.colcon_core.package_identification:_identify(log) ignored
[0.321s] Level 1:colcon.colcon_core.package_identification:_identify(src) by extensions ['ignore', 'ignore_ament_install']
[0.321s] Level 1:colcon.colcon_core.package_identification:_identify(src) by extension 'ignore'
[0.321s] Level 1:colcon.colcon_core.package_identification:_identify(src) by extension 'ignore_ament_install'
[0.321s] Level 1:colcon.colcon_core.package_identification:_identify(src) by extensions ['colcon_pkg']
[0.321s] Level 1:colcon.colcon_core.package_identification:_identify(src) by extension 'colcon_pkg'
[0.321s] Level 1:colcon.colcon_core.package_identification:_identify(src) by extensions ['colcon_meta']
[0.321s] Level 1:colcon.colcon_core.package_identification:_identify(src) by extension 'colcon_meta'
[0.321s] Level 1:colcon.colcon_core.package_identification:_identify(src) by extensions ['ros']
[0.321s] Level 1:colcon.colcon_core.package_identification:_identify(src) by extension 'ros'
[0.321s] Level 1:colcon.colcon_core.package_identification:_identify(src) by extensions ['cmake', 'python']
[0.321s] Level 1:colcon.colcon_core.package_identification:_identify(src) by extension 'cmake'
[0.321s] Level 1:colcon.colcon_core.package_identification:_identify(src) by extension 'python'
[0.321s] Level 1:colcon.colcon_core.package_identification:_identify(src) by extensions ['python_setup_py']
[0.321s] Level 1:colcon.colcon_core.package_identification:_identify(src) by extension 'python_setup_py'
[0.321s] Level 1:colcon.colcon_core.package_identification:_identify(src/articubot_one-main) by extensions ['ignore', 'ignore_ament_install']
[0.321s] Level 1:colcon.colcon_core.package_identification:_identify(src/articubot_one-main) by extension 'ignore'
[0.322s] Level 1:colcon.colcon_core.package_identification:_identify(src/articubot_one-main) by extension 'ignore_ament_install'
[0.322s] Level 1:colcon.colcon_core.package_identification:_identify(src/articubot_one-main) by extensions ['colcon_pkg']
[0.322s] Level 1:colcon.colcon_core.package_identification:_identify(src/articubot_one-main) by extension 'colcon_pkg'
[0.322s] Level 1:colcon.colcon_core.package_identification:_identify(src/articubot_one-main) by extensions ['colcon_meta']
[0.322s] Level 1:colcon.colcon_core.package_identification:_identify(src/articubot_one-main) by extension 'colcon_meta'
[0.322s] Level 1:colcon.colcon_core.package_identification:_identify(src/articubot_one-main) by extensions ['ros']
[0.322s] Level 1:colcon.colcon_core.package_identification:_identify(src/articubot_one-main) by extension 'ros'
[0.324s] DEBUG:colcon.colcon_core.package_identification:Package 'src/articubot_one-main' with type 'ros.ament_cmake' and name 'articubot_one'
[0.324s] Level 1:colcon.colcon_core.package_discovery:discover_packages(recursive) using defaults
[0.324s] Level 1:colcon.colcon_core.package_discovery:discover_packages(ignore) discover
[0.324s] Level 1:colcon.colcon_core.package_discovery:discover_packages(ignore) using defaults
[0.324s] Level 1:colcon.colcon_core.package_discovery:discover_packages(path) discover
[0.324s] Level 1:colcon.colcon_core.package_discovery:discover_packages(path) using defaults
[0.340s] Level 1:colcon.colcon_core.package_discovery:discover_packages(prefix_path) check parameters
[0.340s] Level 1:colcon.colcon_core.package_discovery:discover_packages(prefix_path) discover
[0.341s] WARNING:colcon.colcon_ros.prefix_path.ament:The path '/home/alberto/ros2_ws/install/rona_robot' in the environment variable AMENT_PREFIX_PATH doesn't exist
[0.342s] WARNING:colcon.colcon_ros.prefix_path.ament:The path '/home/alberto/ros2_ws/install/my_robot_controller' in the environment variable AMENT_PREFIX_PATH doesn't exist
[0.342s] WARNING:colcon.colcon_ros.prefix_path.ament:The path '/home/alberto/ros2_ws/install/my_py_pkg' in the environment variable AMENT_PREFIX_PATH doesn't exist
[0.342s] WARNING:colcon.colcon_ros.prefix_path.ament:The path '/home/alberto/ros2_ws/install/my_opencv_demo' in the environment variable AMENT_PREFIX_PATH doesn't exist
[0.342s] WARNING:colcon.colcon_ros.prefix_path.ament:The path '/home/alberto/ros2_ws/install/articulated_robotics_pkg' in the environment variable AMENT_PREFIX_PATH doesn't exist
[0.342s] WARNING:colcon.colcon_ros.prefix_path.catkin:The path '/home/alberto/ros2_ws/install/rona_robot' in the environment variable CMAKE_PREFIX_PATH doesn't exist
[0.342s] WARNING:colcon.colcon_ros.prefix_path.catkin:The path '/home/alberto/ros2_ws/install/my_opencv_demo' in the environment variable CMAKE_PREFIX_PATH doesn't exist
[0.342s] WARNING:colcon.colcon_ros.prefix_path.catkin:The path '/home/alberto/ros2_ws/install/articulated_robotics_pkg' in the environment variable CMAKE_PREFIX_PATH doesn't exist
[0.343s] DEBUG:colcon.colcon_installed_package_information.package_discovery:Found 1 installed packages in /home/alberto/learning_ws/install
[0.344s] DEBUG:colcon.colcon_installed_package_information.package_discovery:Found 1 installed packages in /home/alberto/ros2_ws/install
[0.345s] DEBUG:colcon.colcon_installed_package_information.package_discovery:Found 314 installed packages in /opt/ros/foxy
[0.347s] Level 1:colcon.colcon_core.package_discovery:discover_packages(prefix_path) using defaults
[0.407s] Level 5:colcon.colcon_core.verb:set package 'articubot_one' build argument 'cmake_args' from command line to 'None'
[0.408s] Level 5:colcon.colcon_core.verb:set package 'articubot_one' build argument 'cmake_target' from command line to 'None'
[0.408s] Level 5:colcon.colcon_core.verb:set package 'articubot_one' build argument 'cmake_target_skip_unavailable' from command line to 'False'
[0.408s] Level 5:colcon.colcon_core.verb:set package 'articubot_one' build argument 'cmake_clean_cache' from command line to 'False'
[0.408s] Level 5:colcon.colcon_core.verb:set package 'articubot_one' build argument 'cmake_clean_first' from command line to 'False'
[0.408s] Level 5:colcon.colcon_core.verb:set package 'articubot_one' build argument 'cmake_force_configure' from command line to 'False'
[0.408s] Level 5:colcon.colcon_core.verb:set package 'articubot_one' build argument 'ament_cmake_args' from command line to 'None'
[0.408s] Level 5:colcon.colcon_core.verb:set package 'articubot_one' build argument 'catkin_cmake_args' from command line to 'None'
[0.408s] Level 5:colcon.colcon_core.verb:set package 'articubot_one' build argument 'catkin_skip_building_tests' from command line to 'False'
[0.408s] DEBUG:colcon.colcon_core.verb:Building package 'articubot_one' with the following arguments: {'ament_cmake_args': None, 'build_base': '/home/alberto/ros2_ws/build/articubot_one', 'catkin_cmake_args': None, 'catkin_skip_building_tests': False, 'cmake_args': None, 'cmake_clean_cache': False, 'cmake_clean_first': False, 'cmake_force_configure': False, 'cmake_target': None, 'cmake_target_skip_unavailable': False, 'install_base': '/home/alberto/ros2_ws/install/articubot_one', 'merge_install': False, 'path': '/home/alberto/ros2_ws/src/articubot_one-main', 'symlink_install': False, 'test_result_base': None}
[0.408s] INFO:colcon.colcon_core.executor:Executing jobs using 'parallel' executor
[0.411s] DEBUG:colcon.colcon_parallel_executor.executor.parallel:run_until_complete
[0.411s] INFO:colcon.colcon_ros.task.ament_cmake.build:Building ROS package in '/home/alberto/ros2_ws/src/articubot_one-main' with build type 'ament_cmake'
[0.411s] INFO:colcon.colcon_cmake.task.cmake.build:Building CMake package in '/home/alberto/ros2_ws/src/articubot_one-main'
[0.415s] INFO:colcon.colcon_core.plugin_system:Skipping extension 'colcon_core.shell.bat': Not used on non-Windows systems
[0.415s] INFO:colcon.colcon_core.shell:Skip shell extension 'powershell' for command environment: Not usable outside of PowerShell
[0.415s] DEBUG:colcon.colcon_core.shell:Skip shell extension 'dsv' for command environment
[0.428s] DEBUG:colcon.colcon_core.event_handler.log_command:Invoking command in '/home/alberto/ros2_ws/build/articubot_one': CMAKE_PREFIX_PATH=${CMAKE_PREFIX_PATH}:/home/alberto/ros2_ws/install/my_robot_controller:/home/alberto/ros2_ws/install/my_py_pkg:/home/alberto/learning_ws/install/my_fist_pkg:/opt/ros/foxy /usr/bin/cmake --build /home/alberto/ros2_ws/build/articubot_one -- -j8 -l8
[0.463s] DEBUG:colcon.colcon_core.event_handler.log_command:Invoked command in '/home/alberto/ros2_ws/build/articubot_one' returned '0': CMAKE_PREFIX_PATH=${CMAKE_PREFIX_PATH}:/home/alberto/ros2_ws/install/my_robot_controller:/home/alberto/ros2_ws/install/my_py_pkg:/home/alberto/learning_ws/install/my_fist_pkg:/opt/ros/foxy /usr/bin/cmake --build /home/alberto/ros2_ws/build/articubot_one -- -j8 -l8
[0.493s] DEBUG:colcon.colcon_core.event_handler.log_command:Invoking command in '/home/alberto/ros2_ws/build/articubot_one': CMAKE_PREFIX_PATH=${CMAKE_PREFIX_PATH}:/home/alberto/ros2_ws/install/my_robot_controller:/home/alberto/ros2_ws/install/my_py_pkg:/home/alberto/learning_ws/install/my_fist_pkg:/opt/ros/foxy /usr/bin/cmake --install /home/alberto/ros2_ws/build/articubot_one
[0.503s] Level 1:colcon.colcon_core.environment:create_environment_scripts_only(articubot_one)
[0.508s] DEBUG:colcon.colcon_core.event_handler.log_command:Invoked command in '/home/alberto/ros2_ws/build/articubot_one' returned '0': CMAKE_PREFIX_PATH=${CMAKE_PREFIX_PATH}:/home/alberto/ros2_ws/install/my_robot_controller:/home/alberto/ros2_ws/install/my_py_pkg:/home/alberto/learning_ws/install/my_fist_pkg:/opt/ros/foxy /usr/bin/cmake --install /home/alberto/ros2_ws/build/articubot_one
[0.510s] Level 1:colcon.colcon_core.environment:checking '/home/alberto/ros2_ws/install/articubot_one' for CMake module files
[0.510s] Level 1:colcon.colcon_core.environment:checking '/home/alberto/ros2_ws/install/articubot_one' for CMake config files
[0.510s] Level 1:colcon.colcon_core.shell:create_environment_hook('articubot_one', 'cmake_prefix_path')
[0.512s] INFO:colcon.colcon_core.shell:Creating environment hook '/home/alberto/ros2_ws/install/articubot_one/share/articubot_one/hook/cmake_prefix_path.ps1'
[0.512s] INFO:colcon.colcon_core.shell:Creating environment descriptor '/home/alberto/ros2_ws/install/articubot_one/share/articubot_one/hook/cmake_prefix_path.dsv'
[0.513s] INFO:colcon.colcon_core.shell:Creating environment hook '/home/alberto/ros2_ws/install/articubot_one/share/articubot_one/hook/cmake_prefix_path.sh'
[0.513s] Level 1:colcon.colcon_core.environment:checking '/home/alberto/ros2_ws/install/articubot_one/bin'
[0.513s] Level 1:colcon.colcon_core.environment:checking '/home/alberto/ros2_ws/install/articubot_one/lib/pkgconfig/articubot_one.pc'
[0.514s] Level 1:colcon.colcon_core.environment:checking '/home/alberto/ros2_ws/install/articubot_one/lib/python3.8/site-packages'
[0.514s] Level 1:colcon.colcon_core.environment:checking '/home/alberto/ros2_ws/install/articubot_one/bin'
[0.515s] INFO:colcon.colcon_core.shell:Creating package script '/home/alberto/ros2_ws/install/articubot_one/share/articubot_one/package.ps1'
[0.515s] INFO:colcon.colcon_core.shell:Creating package descriptor '/home/alberto/ros2_ws/install/articubot_one/share/articubot_one/package.dsv'
[0.516s] INFO:colcon.colcon_core.shell:Creating package script '/home/alberto/ros2_ws/install/articubot_one/share/articubot_one/package.sh'
[0.516s] INFO:colcon.colcon_core.shell:Creating package script '/home/alberto/ros2_ws/install/articubot_one/share/articubot_one/package.bash'
[0.517s] INFO:colcon.colcon_core.shell:Creating package script '/home/alberto/ros2_ws/install/articubot_one/share/articubot_one/package.zsh'
[0.517s] Level 1:colcon.colcon_core.environment:create_file_with_runtime_dependencies(/home/alberto/ros2_ws/install/articubot_one/share/colcon-core/packages/articubot_one)
[0.538s] Level 1:colcon.colcon_core.environment:create_environment_scripts_only(articubot_one)
[0.540s] Level 1:colcon.colcon_core.environment:checking '/home/alberto/ros2_ws/install/articubot_one' for CMake module files
[0.540s] Level 1:colcon.colcon_core.environment:checking '/home/alberto/ros2_ws/install/articubot_one' for CMake config files
[0.541s] Level 1:colcon.colcon_core.shell:create_environment_hook('articubot_one', 'cmake_prefix_path')
[0.542s] INFO:colcon.colcon_core.shell:Creating environment hook '/home/alberto/ros2_ws/install/articubot_one/share/articubot_one/hook/cmake_prefix_path.ps1'
[0.542s] INFO:colcon.colcon_core.shell:Creating environment descriptor '/home/alberto/ros2_ws/install/articubot_one/share/articubot_one/hook/cmake_prefix_path.dsv'
[0.542s] INFO:colcon.colcon_core.shell:Creating environment hook '/home/alberto/ros2_ws/install/articubot_one/share/articubot_one/hook/cmake_prefix_path.sh'
[0.543s] Level 1:colcon.colcon_core.environment:checking '/home/alberto/ros2_ws/install/articubot_one/bin'
[0.543s] Level 1:colcon.colcon_core.environment:checking '/home/alberto/ros2_ws/install/articubot_one/lib/pkgconfig/articubot_one.pc'
[0.543s] Level 1:colcon.colcon_core.environment:checking '/home/alberto/ros2_ws/install/articubot_one/lib/python3.8/site-packages'
[0.543s] Level 1:colcon.colcon_core.environment:checking '/home/alberto/ros2_ws/install/articubot_one/bin'
[0.544s] INFO:colcon.colcon_core.shell:Creating package script '/home/alberto/ros2_ws/install/articubot_one/share/articubot_one/package.ps1'
[0.545s] INFO:colcon.colcon_core.shell:Creating package descriptor '/home/alberto/ros2_ws/install/articubot_one/share/articubot_one/package.dsv'
[0.545s] INFO:colcon.colcon_core.shell:Creating package script '/home/alberto/ros2_ws/install/articubot_one/share/articubot_one/package.sh'
[0.545s] INFO:colcon.colcon_core.shell:Creating package script '/home/alberto/ros2_ws/install/articubot_one/share/articubot_one/package.bash'
[0.546s] INFO:colcon.colcon_core.shell:Creating package script '/home/alberto/ros2_ws/install/articubot_one/share/articubot_one/package.zsh'
[0.546s] Level 1:colcon.colcon_core.environment:create_file_with_runtime_dependencies(/home/alberto/ros2_ws/install/articubot_one/share/colcon-core/packages/articubot_one)
[0.546s] DEBUG:colcon.colcon_parallel_executor.executor.parallel:closing loop
[0.546s] DEBUG:colcon.colcon_parallel_executor.executor.parallel:loop closed
[0.546s] DEBUG:colcon.colcon_parallel_executor.executor.parallel:run_until_complete finished with '0'
[0.546s] DEBUG:colcon.colcon_core.event_reactor:joining thread
[0.552s] INFO:colcon.colcon_core.plugin_system:Skipping extension 'colcon_notification.desktop_notification.terminal_notifier': Not used on non-Darwin systems
[0.552s] INFO:colcon.colcon_core.plugin_system:Skipping extension 'colcon_notification.desktop_notification.win32': Not used on non-Windows systems
[0.552s] INFO:colcon.colcon_notification.desktop_notification:Sending desktop notification using 'notify2'
[0.564s] DEBUG:colcon.colcon_core.event_reactor:joined thread
[0.566s] INFO:colcon.colcon_core.shell:Creating prefix script '/home/alberto/ros2_ws/install/local_setup.ps1'
[0.567s] INFO:colcon.colcon_core.shell:Creating prefix util module '/home/alberto/ros2_ws/install/_local_setup_util_ps1.py'
[0.567s] INFO:colcon.colcon_core.shell:Creating prefix chain script '/home/alberto/ros2_ws/install/setup.ps1'
[0.569s] INFO:colcon.colcon_core.shell:Creating prefix script '/home/alberto/ros2_ws/install/local_setup.sh'
[0.569s] INFO:colcon.colcon_core.shell:Creating prefix util module '/home/alberto/ros2_ws/install/_local_setup_util_sh.py'
[0.570s] INFO:colcon.colcon_core.shell:Creating prefix chain script '/home/alberto/ros2_ws/install/setup.sh'
[0.571s] INFO:colcon.colcon_core.shell:Creating prefix script '/home/alberto/ros2_ws/install/local_setup.bash'
[0.572s] INFO:colcon.colcon_core.shell:Creating prefix chain script '/home/alberto/ros2_ws/install/setup.bash'
[0.573s] INFO:colcon.colcon_core.shell:Creating prefix script '/home/alberto/ros2_ws/install/local_setup.zsh'
[0.574s] INFO:colcon.colcon_core.shell:Creating prefix chain script '/home/alberto/ros2_ws/install/setup.zsh'
