[0.240s] Invoking command in '/home/alberto/ros2_ws/build/rona_robot': CMAKE_PREFIX_PATH=${CMAKE_PREFIX_PATH}:/home/alberto/ros2_ws/install/my_robot_controller:/home/alberto/learning_ws/install/my_fist_pkg:/opt/ros/foxy /usr/bin/cmake /home/alberto/ros2_ws/src/rona_robot -DCMAKE_INSTALL_PREFIX=/home/alberto/ros2_ws/install/rona_robot
[0.286s] -- The C compiler identification is GNU 9.4.0
[0.332s] -- The CXX compiler identification is GNU 9.4.0
[0.336s] -- Check for working C compiler: /usr/bin/cc
[0.395s] -- Check for working C compiler: /usr/bin/cc -- works
[0.395s] -- Detecting C compiler ABI info
[0.453s] -- Detecting C compiler ABI info - done
[0.463s] -- Detecting C compile features
[0.463s] -- Detecting C compile features - done
[0.465s] -- Check for working CXX compiler: /usr/bin/c++
[0.534s] -- Check for working CXX compiler: /usr/bin/c++ -- works
[0.535s] -- Detecting CXX compiler ABI info
[0.604s] -- Detecting CXX compiler ABI info - done
[0.615s] -- Detecting CXX compile features
[0.616s] -- Detecting CXX compile features - done
[0.618s] -- Found ament_cmake: 0.9.12 (/opt/ros/foxy/share/ament_cmake/cmake)
[0.642s] -- Found PythonInterp: /usr/bin/python3 (found suitable version "3.8.10", minimum required is "3") 
[0.643s] -- Using PYTHON_EXECUTABLE: /usr/bin/python3
[0.855s] -- Found ament_lint_auto: 0.9.8 (/opt/ros/foxy/share/ament_lint_auto/cmake)
[0.920s] -- Added test 'copyright' to check source files copyright and LICENSE
[0.923s] -- Added test 'flake8' to check Python code syntax and style conventions
[0.924s] -- Added test 'lint_cmake' to check CMake code style
[0.925s] -- Added test 'pep257' to check Python code against some of the style conventions in PEP 257
[0.927s] -- Added test 'xmllint' to check XML markup files
[0.929s] -- Configuring done
[0.930s] -- Generating done
[0.932s] -- Build files have been written to: /home/alberto/ros2_ws/build/rona_robot
[0.945s] Invoked command in '/home/alberto/ros2_ws/build/rona_robot' returned '0': CMAKE_PREFIX_PATH=${CMAKE_PREFIX_PATH}:/home/alberto/ros2_ws/install/my_robot_controller:/home/alberto/learning_ws/install/my_fist_pkg:/opt/ros/foxy /usr/bin/cmake /home/alberto/ros2_ws/src/rona_robot -DCMAKE_INSTALL_PREFIX=/home/alberto/ros2_ws/install/rona_robot
[0.948s] Invoking command in '/home/alberto/ros2_ws/build/rona_robot': CMAKE_PREFIX_PATH=${CMAKE_PREFIX_PATH}:/home/alberto/ros2_ws/install/my_robot_controller:/home/alberto/learning_ws/install/my_fist_pkg:/opt/ros/foxy /usr/bin/cmake --build /home/alberto/ros2_ws/build/rona_robot -- -j8 -l8
[0.983s] Invoked command in '/home/alberto/ros2_ws/build/rona_robot' returned '0': CMAKE_PREFIX_PATH=${CMAKE_PREFIX_PATH}:/home/alberto/ros2_ws/install/my_robot_controller:/home/alberto/learning_ws/install/my_fist_pkg:/opt/ros/foxy /usr/bin/cmake --build /home/alberto/ros2_ws/build/rona_robot -- -j8 -l8
[1.011s] Invoking command in '/home/alberto/ros2_ws/build/rona_robot': CMAKE_PREFIX_PATH=${CMAKE_PREFIX_PATH}:/home/alberto/ros2_ws/install/my_robot_controller:/home/alberto/learning_ws/install/my_fist_pkg:/opt/ros/foxy /usr/bin/cmake --install /home/alberto/ros2_ws/build/rona_robot
[1.019s] -- Install configuration: ""
[1.019s] -- Installing: /home/alberto/ros2_ws/install/rona_robot/share/rona_robot/config
[1.019s] -- Installing: /home/alberto/ros2_ws/install/rona_robot/share/rona_robot/config/empty.yaml
[1.019s] -- Installing: /home/alberto/ros2_ws/install/rona_robot/share/rona_robot/config/ball_tracker_params_robot.yaml
[1.019s] -- Installing: /home/alberto/ros2_ws/install/rona_robot/share/rona_robot/config/ball_tracker_params_sim.yaml
[1.019s] -- Installing: /home/alberto/ros2_ws/install/rona_robot/share/rona_robot/config/nav2_params.yaml
[1.019s] -- Installing: /home/alberto/ros2_ws/install/rona_robot/share/rona_robot/config/view_bot.rviz
[1.019s] -- Installing: /home/alberto/ros2_ws/install/rona_robot/share/rona_robot/config/map.rviz
[1.019s] -- Installing: /home/alberto/ros2_ws/install/rona_robot/share/rona_robot/config/gazebo_params.yaml
[1.019s] -- Installing: /home/alberto/ros2_ws/install/rona_robot/share/rona_robot/config/main.rviz
[1.020s] -- Installing: /home/alberto/ros2_ws/install/rona_robot/share/rona_robot/config/mapper_params_online_async.yaml
[1.020s] -- Installing: /home/alberto/ros2_ws/install/rona_robot/share/rona_robot/config/twist_mux.yaml
[1.020s] -- Installing: /home/alberto/ros2_ws/install/rona_robot/share/rona_robot/config/my_controllers.yaml
[1.020s] -- Installing: /home/alberto/ros2_ws/install/rona_robot/share/rona_robot/config/drive_bot.rviz
[1.020s] -- Installing: /home/alberto/ros2_ws/install/rona_robot/share/rona_robot/config/gaz_ros2_ctl_use_sim.yaml
[1.020s] -- Installing: /home/alberto/ros2_ws/install/rona_robot/share/rona_robot/config/joystick.yaml
[1.020s] -- Installing: /home/alberto/ros2_ws/install/rona_robot/share/rona_robot/description
[1.020s] -- Installing: /home/alberto/ros2_ws/install/rona_robot/share/rona_robot/description/robot.urdf.xacro
[1.020s] -- Installing: /home/alberto/ros2_ws/install/rona_robot/share/rona_robot/description/robot_core.xacro
[1.020s] -- Installing: /home/alberto/ros2_ws/install/rona_robot/share/rona_robot/description/lidar.xacro
[1.020s] -- Installing: /home/alberto/ros2_ws/install/rona_robot/share/rona_robot/description/ros2_control.xacro
[1.020s] -- Installing: /home/alberto/ros2_ws/install/rona_robot/share/rona_robot/description/gazebo_control.xacro
[1.020s] -- Installing: /home/alberto/ros2_ws/install/rona_robot/share/rona_robot/description/camera.xacro
[1.020s] -- Installing: /home/alberto/ros2_ws/install/rona_robot/share/rona_robot/description/depth_camera.xacro
[1.021s] -- Installing: /home/alberto/ros2_ws/install/rona_robot/share/rona_robot/description/face.xacro
[1.021s] -- Installing: /home/alberto/ros2_ws/install/rona_robot/share/rona_robot/description/inertial_macros.xacro
[1.021s] -- Installing: /home/alberto/ros2_ws/install/rona_robot/share/rona_robot/launch
[1.021s] -- Installing: /home/alberto/ros2_ws/install/rona_robot/share/rona_robot/launch/joystick.launch.py
[1.021s] -- Installing: /home/alberto/ros2_ws/install/rona_robot/share/rona_robot/launch/rsp.launch.py
[1.021s] -- Installing: /home/alberto/ros2_ws/install/rona_robot/share/rona_robot/launch/navigation_launch.py
[1.021s] -- Installing: /home/alberto/ros2_ws/install/rona_robot/share/rona_robot/launch/ball_tracker.launch.py
[1.021s] -- Installing: /home/alberto/ros2_ws/install/rona_robot/share/rona_robot/launch/localization_launch.py
[1.021s] -- Installing: /home/alberto/ros2_ws/install/rona_robot/share/rona_robot/launch/online_async_launch.py
[1.021s] -- Installing: /home/alberto/ros2_ws/install/rona_robot/share/rona_robot/launch/launch_sim.launch.py
[1.021s] -- Installing: /home/alberto/ros2_ws/install/rona_robot/share/rona_robot/launch/rplidar.launch.py
[1.021s] -- Installing: /home/alberto/ros2_ws/install/rona_robot/share/rona_robot/launch/camera.launch.py
[1.022s] -- Installing: /home/alberto/ros2_ws/install/rona_robot/share/rona_robot/launch/launch_robot.launch.py
[1.022s] -- Installing: /home/alberto/ros2_ws/install/rona_robot/share/rona_robot/worlds
[1.022s] -- Installing: /home/alberto/ros2_ws/install/rona_robot/share/rona_robot/worlds/obstacles.world
[1.022s] -- Installing: /home/alberto/ros2_ws/install/rona_robot/share/rona_robot/worlds/empty.world
[1.022s] -- Installing: /home/alberto/ros2_ws/install/rona_robot/share/ament_index/resource_index/package_run_dependencies/rona_robot
[1.022s] -- Installing: /home/alberto/ros2_ws/install/rona_robot/share/ament_index/resource_index/parent_prefix_path/rona_robot
[1.022s] -- Installing: /home/alberto/ros2_ws/install/rona_robot/share/rona_robot/environment/ament_prefix_path.sh
[1.022s] -- Installing: /home/alberto/ros2_ws/install/rona_robot/share/rona_robot/environment/ament_prefix_path.dsv
[1.023s] -- Installing: /home/alberto/ros2_ws/install/rona_robot/share/rona_robot/environment/path.sh
[1.023s] -- Installing: /home/alberto/ros2_ws/install/rona_robot/share/rona_robot/environment/path.dsv
[1.023s] -- Installing: /home/alberto/ros2_ws/install/rona_robot/share/rona_robot/local_setup.bash
[1.023s] -- Installing: /home/alberto/ros2_ws/install/rona_robot/share/rona_robot/local_setup.sh
[1.023s] -- Installing: /home/alberto/ros2_ws/install/rona_robot/share/rona_robot/local_setup.zsh
[1.023s] -- Installing: /home/alberto/ros2_ws/install/rona_robot/share/rona_robot/local_setup.dsv
[1.023s] -- Installing: /home/alberto/ros2_ws/install/rona_robot/share/rona_robot/package.dsv
[1.024s] -- Installing: /home/alberto/ros2_ws/install/rona_robot/share/ament_index/resource_index/packages/rona_robot
[1.024s] -- Installing: /home/alberto/ros2_ws/install/rona_robot/share/rona_robot/cmake/rona_robotConfig.cmake
[1.024s] -- Installing: /home/alberto/ros2_ws/install/rona_robot/share/rona_robot/cmake/rona_robotConfig-version.cmake
[1.024s] -- Installing: /home/alberto/ros2_ws/install/rona_robot/share/rona_robot/package.xml
[1.026s] Invoked command in '/home/alberto/ros2_ws/build/rona_robot' returned '0': CMAKE_PREFIX_PATH=${CMAKE_PREFIX_PATH}:/home/alberto/ros2_ws/install/my_robot_controller:/home/alberto/learning_ws/install/my_fist_pkg:/opt/ros/foxy /usr/bin/cmake --install /home/alberto/ros2_ws/build/rona_robot
