[0.533s] DEBUG:colcon:Command line arguments: ['/usr/bin/colcon', 'list', '-p', '--base-paths', '/home/alberto/ros2_ws']
[0.533s] DEBUG:colcon:Parsed command line arguments: Namespace(allow_overriding=[], base_paths=['/home/alberto/ros2_ws'], build_base='build', ignore_user_meta=False, log_base=None, log_level=None, main=<bound method ListVerb.main of <colcon_package_information.verb.list.ListVerb object at 0x7f7730ae2be0>>, metas=['./colcon.meta'], names_only=False, packages_above=None, packages_above_and_dependencies=None, packages_above_depth=None, packages_end=None, packages_ignore=None, packages_ignore_regex=None, packages_select=None, packages_select_build_failed=False, packages_select_by_dep=None, packages_select_regex=None, packages_select_test_failures=False, packages_skip=None, packages_skip_build_finished=False, packages_skip_by_dep=None, packages_skip_regex=None, packages_skip_test_passed=False, packages_skip_up_to=None, packages_start=None, packages_up_to=None, packages_up_to_regex=None, paths=None, paths_only=True, topological_graph=False, topological_graph_density=False, topological_graph_dot=False, topological_graph_dot_cluster=False, topological_graph_dot_include_skipped=False, topological_graph_legend=False, topological_order=False, verb_extension=<colcon_package_information.verb.list.ListVerb object at 0x7f7730ae2be0>, verb_name='list', verb_parser=<colcon_defaults.argument_parser.defaults.DefaultArgumentsDecorator object at 0x7f77309e9d30>)
[0.569s] Level 1:colcon.colcon_core.package_discovery:discover_packages(colcon_meta) check parameters
[0.570s] Level 1:colcon.colcon_core.package_discovery:discover_packages(recursive) check parameters
[0.570s] Level 1:colcon.colcon_core.package_discovery:discover_packages(ignore) check parameters
[0.570s] Level 1:colcon.colcon_core.package_discovery:discover_packages(path) check parameters
[0.570s] Level 1:colcon.colcon_core.package_discovery:discover_packages(recursive) discover
[0.570s] INFO:colcon.colcon_core.package_discovery:Crawling recursively for packages in '/home/alberto/ros2_ws'
[0.570s] Level 1:colcon.colcon_core.package_identification:_identify(/home/alberto/ros2_ws) by extensions ['ignore', 'ignore_ament_install']
[0.570s] Level 1:colcon.colcon_core.package_identification:_identify(/home/alberto/ros2_ws) by extension 'ignore'
[0.570s] Level 1:colcon.colcon_core.package_identification:_identify(/home/alberto/ros2_ws) by extension 'ignore_ament_install'
[0.570s] Level 1:colcon.colcon_core.package_identification:_identify(/home/alberto/ros2_ws) by extensions ['colcon_pkg']
[0.570s] Level 1:colcon.colcon_core.package_identification:_identify(/home/alberto/ros2_ws) by extension 'colcon_pkg'
[0.570s] Level 1:colcon.colcon_core.package_identification:_identify(/home/alberto/ros2_ws) by extensions ['colcon_meta']
[0.570s] Level 1:colcon.colcon_core.package_identification:_identify(/home/alberto/ros2_ws) by extension 'colcon_meta'
[0.570s] Level 1:colcon.colcon_core.package_identification:_identify(/home/alberto/ros2_ws) by extensions ['ros']
[0.570s] Level 1:colcon.colcon_core.package_identification:_identify(/home/alberto/ros2_ws) by extension 'ros'
[0.595s] Level 1:colcon.colcon_core.package_identification:_identify(/home/alberto/ros2_ws) by extensions ['cmake', 'python']
[0.595s] Level 1:colcon.colcon_core.package_identification:_identify(/home/alberto/ros2_ws) by extension 'cmake'
[0.595s] Level 1:colcon.colcon_core.package_identification:_identify(/home/alberto/ros2_ws) by extension 'python'
[0.595s] Level 1:colcon.colcon_core.package_identification:_identify(/home/alberto/ros2_ws) by extensions ['python_setup_py']
[0.595s] Level 1:colcon.colcon_core.package_identification:_identify(/home/alberto/ros2_ws) by extension 'python_setup_py'
[0.595s] Level 1:colcon.colcon_core.package_identification:_identify(/home/alberto/ros2_ws/build) by extensions ['ignore', 'ignore_ament_install']
[0.595s] Level 1:colcon.colcon_core.package_identification:_identify(/home/alberto/ros2_ws/build) by extension 'ignore'
[0.596s] Level 1:colcon.colcon_core.package_identification:_identify(/home/alberto/ros2_ws/build) ignored
[0.596s] Level 1:colcon.colcon_core.package_identification:_identify(/home/alberto/ros2_ws/install) by extensions ['ignore', 'ignore_ament_install']
[0.596s] Level 1:colcon.colcon_core.package_identification:_identify(/home/alberto/ros2_ws/install) by extension 'ignore'
[0.596s] Level 1:colcon.colcon_core.package_identification:_identify(/home/alberto/ros2_ws/install) ignored
[0.596s] Level 1:colcon.colcon_core.package_identification:_identify(/home/alberto/ros2_ws/log) by extensions ['ignore', 'ignore_ament_install']
[0.596s] Level 1:colcon.colcon_core.package_identification:_identify(/home/alberto/ros2_ws/log) by extension 'ignore'
[0.597s] Level 1:colcon.colcon_core.package_identification:_identify(/home/alberto/ros2_ws/log) ignored
[0.597s] Level 1:colcon.colcon_core.package_identification:_identify(/home/alberto/ros2_ws/src) by extensions ['ignore', 'ignore_ament_install']
[0.597s] Level 1:colcon.colcon_core.package_identification:_identify(/home/alberto/ros2_ws/src) by extension 'ignore'
[0.597s] Level 1:colcon.colcon_core.package_identification:_identify(/home/alberto/ros2_ws/src) by extension 'ignore_ament_install'
[0.597s] Level 1:colcon.colcon_core.package_identification:_identify(/home/alberto/ros2_ws/src) by extensions ['colcon_pkg']
[0.597s] Level 1:colcon.colcon_core.package_identification:_identify(/home/alberto/ros2_ws/src) by extension 'colcon_pkg'
[0.597s] Level 1:colcon.colcon_core.package_identification:_identify(/home/alberto/ros2_ws/src) by extensions ['colcon_meta']
[0.597s] Level 1:colcon.colcon_core.package_identification:_identify(/home/alberto/ros2_ws/src) by extension 'colcon_meta'
[0.597s] Level 1:colcon.colcon_core.package_identification:_identify(/home/alberto/ros2_ws/src) by extensions ['ros']
[0.598s] Level 1:colcon.colcon_core.package_identification:_identify(/home/alberto/ros2_ws/src) by extension 'ros'
[0.598s] Level 1:colcon.colcon_core.package_identification:_identify(/home/alberto/ros2_ws/src) by extensions ['cmake', 'python']
[0.598s] Level 1:colcon.colcon_core.package_identification:_identify(/home/alberto/ros2_ws/src) by extension 'cmake'
[0.598s] Level 1:colcon.colcon_core.package_identification:_identify(/home/alberto/ros2_ws/src) by extension 'python'
[0.598s] Level 1:colcon.colcon_core.package_identification:_identify(/home/alberto/ros2_ws/src) by extensions ['python_setup_py']
[0.598s] Level 1:colcon.colcon_core.package_identification:_identify(/home/alberto/ros2_ws/src) by extension 'python_setup_py'
[0.598s] Level 1:colcon.colcon_core.package_identification:_identify(/home/alberto/ros2_ws/src/articubot_one-main) by extensions ['ignore', 'ignore_ament_install']
[0.598s] Level 1:colcon.colcon_core.package_identification:_identify(/home/alberto/ros2_ws/src/articubot_one-main) by extension 'ignore'
[0.598s] Level 1:colcon.colcon_core.package_identification:_identify(/home/alberto/ros2_ws/src/articubot_one-main) by extension 'ignore_ament_install'
[0.599s] Level 1:colcon.colcon_core.package_identification:_identify(/home/alberto/ros2_ws/src/articubot_one-main) by extensions ['colcon_pkg']
[0.599s] Level 1:colcon.colcon_core.package_identification:_identify(/home/alberto/ros2_ws/src/articubot_one-main) by extension 'colcon_pkg'
[0.599s] Level 1:colcon.colcon_core.package_identification:_identify(/home/alberto/ros2_ws/src/articubot_one-main) by extensions ['colcon_meta']
[0.599s] Level 1:colcon.colcon_core.package_identification:_identify(/home/alberto/ros2_ws/src/articubot_one-main) by extension 'colcon_meta'
[0.599s] Level 1:colcon.colcon_core.package_identification:_identify(/home/alberto/ros2_ws/src/articubot_one-main) by extensions ['ros']
[0.599s] Level 1:colcon.colcon_core.package_identification:_identify(/home/alberto/ros2_ws/src/articubot_one-main) by extension 'ros'
[0.603s] DEBUG:colcon.colcon_core.package_identification:Package '/home/alberto/ros2_ws/src/articubot_one-main' with type 'ros.ament_cmake' and name 'articubot_one'
[0.603s] Level 1:colcon.colcon_core.package_identification:_identify(/home/alberto/ros2_ws/src/my_robot_controller) by extensions ['ignore', 'ignore_ament_install']
[0.604s] Level 1:colcon.colcon_core.package_identification:_identify(/home/alberto/ros2_ws/src/my_robot_controller) by extension 'ignore'
[0.604s] Level 1:colcon.colcon_core.package_identification:_identify(/home/alberto/ros2_ws/src/my_robot_controller) by extension 'ignore_ament_install'
[0.604s] Level 1:colcon.colcon_core.package_identification:_identify(/home/alberto/ros2_ws/src/my_robot_controller) by extensions ['colcon_pkg']
[0.604s] Level 1:colcon.colcon_core.package_identification:_identify(/home/alberto/ros2_ws/src/my_robot_controller) by extension 'colcon_pkg'
[0.604s] Level 1:colcon.colcon_core.package_identification:_identify(/home/alberto/ros2_ws/src/my_robot_controller) by extensions ['colcon_meta']
[0.604s] Level 1:colcon.colcon_core.package_identification:_identify(/home/alberto/ros2_ws/src/my_robot_controller) by extension 'colcon_meta'
[0.604s] Level 1:colcon.colcon_core.package_identification:_identify(/home/alberto/ros2_ws/src/my_robot_controller) by extensions ['ros']
[0.604s] Level 1:colcon.colcon_core.package_identification:_identify(/home/alberto/ros2_ws/src/my_robot_controller) by extension 'ros'
[0.606s] DEBUG:colcon.colcon_core.package_identification:Package '/home/alberto/ros2_ws/src/my_robot_controller' with type 'ros.ament_python' and name 'my_robot_controller'
[0.606s] Level 1:colcon.colcon_core.package_discovery:discover_packages(recursive) using defaults
