[0.642s] Invoking command in '/home/alberto/ros2_ws/src/my_robot_controller': PYTHONPATH=/home/alberto/ros2_ws/build/my_robot_controller/prefix_override:/home/alberto/ros2_ws/install/my_robot_controller/lib/python3.8/site-packages:${PYTHONPATH} /usr/bin/python3 setup.py egg_info --egg-base ../../build/my_robot_controller build --build-base /home/alberto/ros2_ws/build/my_robot_controller/build install --record /home/alberto/ros2_ws/build/my_robot_controller/install.log --install-scripts $base/lib/my_robot_controller --single-version-externally-managed
[0.856s] running egg_info
[0.856s] creating ../../build/my_robot_controller/my_robot_controller.egg-info
[0.856s] writing ../../build/my_robot_controller/my_robot_controller.egg-info/PKG-INFO
[0.857s] writing dependency_links to ../../build/my_robot_controller/my_robot_controller.egg-info/dependency_links.txt
[0.857s] writing entry points to ../../build/my_robot_controller/my_robot_controller.egg-info/entry_points.txt
[0.857s] writing requirements to ../../build/my_robot_controller/my_robot_controller.egg-info/requires.txt
[0.857s] writing top-level names to ../../build/my_robot_controller/my_robot_controller.egg-info/top_level.txt
[0.858s] writing manifest file '../../build/my_robot_controller/my_robot_controller.egg-info/SOURCES.txt'
[0.885s] reading manifest file '../../build/my_robot_controller/my_robot_controller.egg-info/SOURCES.txt'
[0.886s] writing manifest file '../../build/my_robot_controller/my_robot_controller.egg-info/SOURCES.txt'
[0.886s] running build
[0.886s] running build_py
[0.886s] creating /home/alberto/ros2_ws/build/my_robot_controller/build
[0.886s] creating /home/alberto/ros2_ws/build/my_robot_controller/build/lib
[0.887s] creating /home/alberto/ros2_ws/build/my_robot_controller/build/lib/my_robot_controller
[0.887s] copying my_robot_controller/draw_circle.py -> /home/alberto/ros2_ws/build/my_robot_controller/build/lib/my_robot_controller
[0.887s] copying my_robot_controller/turtle_controller.py -> /home/alberto/ros2_ws/build/my_robot_controller/build/lib/my_robot_controller
[0.887s] copying my_robot_controller/pose_subscriber.py -> /home/alberto/ros2_ws/build/my_robot_controller/build/lib/my_robot_controller
[0.887s] copying my_robot_controller/my_first_node.py -> /home/alberto/ros2_ws/build/my_robot_controller/build/lib/my_robot_controller
[0.887s] copying my_robot_controller/__init__.py -> /home/alberto/ros2_ws/build/my_robot_controller/build/lib/my_robot_controller
[0.887s] running install
[0.888s] running install_lib
[0.889s] creating /home/alberto/ros2_ws/install/my_robot_controller/lib/python3.8/site-packages/my_robot_controller
[0.890s] copying /home/alberto/ros2_ws/build/my_robot_controller/build/lib/my_robot_controller/draw_circle.py -> /home/alberto/ros2_ws/install/my_robot_controller/lib/python3.8/site-packages/my_robot_controller
[0.890s] copying /home/alberto/ros2_ws/build/my_robot_controller/build/lib/my_robot_controller/turtle_controller.py -> /home/alberto/ros2_ws/install/my_robot_controller/lib/python3.8/site-packages/my_robot_controller
[0.890s] copying /home/alberto/ros2_ws/build/my_robot_controller/build/lib/my_robot_controller/pose_subscriber.py -> /home/alberto/ros2_ws/install/my_robot_controller/lib/python3.8/site-packages/my_robot_controller
[0.890s] copying /home/alberto/ros2_ws/build/my_robot_controller/build/lib/my_robot_controller/my_first_node.py -> /home/alberto/ros2_ws/install/my_robot_controller/lib/python3.8/site-packages/my_robot_controller
[0.890s] copying /home/alberto/ros2_ws/build/my_robot_controller/build/lib/my_robot_controller/__init__.py -> /home/alberto/ros2_ws/install/my_robot_controller/lib/python3.8/site-packages/my_robot_controller
[0.890s] byte-compiling /home/alberto/ros2_ws/install/my_robot_controller/lib/python3.8/site-packages/my_robot_controller/draw_circle.py to draw_circle.cpython-38.pyc
[0.892s] byte-compiling /home/alberto/ros2_ws/install/my_robot_controller/lib/python3.8/site-packages/my_robot_controller/turtle_controller.py to turtle_controller.cpython-38.pyc
[0.892s] byte-compiling /home/alberto/ros2_ws/install/my_robot_controller/lib/python3.8/site-packages/my_robot_controller/pose_subscriber.py to pose_subscriber.cpython-38.pyc
[0.892s] byte-compiling /home/alberto/ros2_ws/install/my_robot_controller/lib/python3.8/site-packages/my_robot_controller/my_first_node.py to my_first_node.cpython-38.pyc
[0.893s] byte-compiling /home/alberto/ros2_ws/install/my_robot_controller/lib/python3.8/site-packages/my_robot_controller/__init__.py to __init__.cpython-38.pyc
[0.893s] running install_data
[0.894s] creating /home/alberto/ros2_ws/install/my_robot_controller/share/ament_index
[0.894s] creating /home/alberto/ros2_ws/install/my_robot_controller/share/ament_index/resource_index
[0.894s] creating /home/alberto/ros2_ws/install/my_robot_controller/share/ament_index/resource_index/packages
[0.894s] copying resource/my_robot_controller -> /home/alberto/ros2_ws/install/my_robot_controller/share/ament_index/resource_index/packages
[0.894s] copying package.xml -> /home/alberto/ros2_ws/install/my_robot_controller/share/my_robot_controller
[0.894s] running install_egg_info
[0.896s] Copying ../../build/my_robot_controller/my_robot_controller.egg-info to /home/alberto/ros2_ws/install/my_robot_controller/lib/python3.8/site-packages/my_robot_controller-0.0.0-py3.8.egg-info
[0.896s] running install_scripts
[0.910s] Installing draw_circle script to /home/alberto/ros2_ws/install/my_robot_controller/lib/my_robot_controller
[0.910s] Installing pose_subscriber script to /home/alberto/ros2_ws/install/my_robot_controller/lib/my_robot_controller
[0.910s] Installing test_node script to /home/alberto/ros2_ws/install/my_robot_controller/lib/my_robot_controller
[0.910s] Installing turtle_controller script to /home/alberto/ros2_ws/install/my_robot_controller/lib/my_robot_controller
[0.911s] writing list of installed files to '/home/alberto/ros2_ws/build/my_robot_controller/install.log'
[0.934s] Invoked command in '/home/alberto/ros2_ws/src/my_robot_controller' returned '0': PYTHONPATH=/home/alberto/ros2_ws/build/my_robot_controller/prefix_override:/home/alberto/ros2_ws/install/my_robot_controller/lib/python3.8/site-packages:${PYTHONPATH} /usr/bin/python3 setup.py egg_info --egg-base ../../build/my_robot_controller build --build-base /home/alberto/ros2_ws/build/my_robot_controller/build install --record /home/alberto/ros2_ws/build/my_robot_controller/install.log --install-scripts $base/lib/my_robot_controller --single-version-externally-managed
